The system is: Linux - 3.13.0-39-generic - x86_64
Compiling the C compiler identification source file "CMakeCCompilerId.c" succeeded.
Compiler: /usr/bin/cc 
Build flags: 
Id flags: 

The output was:
0


Compilation of the C compiler identification source "CMakeCCompilerId.c" produced "a.out"

The C compiler identification is GNU, found in "/home/nikhil/SemV/CSP301/Project/console(logic)/CMakeFiles/2.8.12.2/CompilerIdC/a.out"

Compiling the CXX compiler identification source file "CMakeCXXCompilerId.cpp" succeeded.
Compiler: /usr/bin/c++ 
Build flags: 
Id flags: 

The output was:
0


Compilation of the CXX compiler identification source "CMakeCXXCompilerId.cpp" produced "a.out"

The CXX compiler identification is GNU, found in "/home/nikhil/SemV/CSP301/Project/console(logic)/CMakeFiles/2.8.12.2/CompilerIdCXX/a.out"

Determining if the C compiler works passed with the following output:
Change Dir: /home/nikhil/SemV/CSP301/Project/console(logic)/CMakeFiles/CMakeTmp

Run Build Command:/usr/bin/make "cmTryCompileExec1831164456/fast"
/usr/bin/make -f CMakeFiles/cmTryCompileExec1831164456.dir/build.make CMakeFiles/cmTryCompileExec1831164456.dir/build
make[1]: Entering directory `/home/nikhil/SemV/CSP301/Project/console(logic)/CMakeFiles/CMakeTmp'
/usr/bin/cmake -E cmake_progress_report "/home/nikhil/SemV/CSP301/Project/console(logic)/CMakeFiles/CMakeTmp/CMakeFiles" 1
Building C object CMakeFiles/cmTryCompileExec1831164456.dir/testCCompiler.c.o
/usr/bin/cc    -o CMakeFiles/cmTryCompileExec1831164456.dir/testCCompiler.c.o   -c "/home/nikhil/SemV/CSP301/Project/console(logic)/CMakeFiles/CMakeTmp/testCCompiler.c"
Linking C executable cmTryCompileExec1831164456
/usr/bin/cmake -E cmake_link_script CMakeFiles/cmTryCompileExec1831164456.dir/link.txt --verbose=1
/usr/bin/cc       CMakeFiles/cmTryCompileExec1831164456.dir/testCCompiler.c.o  -o cmTryCompileExec1831164456 -rdynamic 
make[1]: Leaving directory `/home/nikhil/SemV/CSP301/Project/console(logic)/CMakeFiles/CMakeTmp'


Detecting C compiler ABI info compiled with the following output:
Change Dir: /home/nikhil/SemV/CSP301/Project/console(logic)/CMakeFiles/CMakeTmp

Run Build Command:/usr/bin/make "cmTryCompileExec231668747/fast"
/usr/bin/make -f CMakeFiles/cmTryCompileExec231668747.dir/build.make CMakeFiles/cmTryCompileExec231668747.dir/build
make[1]: Entering directory `/home/nikhil/SemV/CSP301/Project/console(logic)/CMakeFiles/CMakeTmp'
/usr/bin/cmake -E cmake_progress_report "/home/nikhil/SemV/CSP301/Project/console(logic)/CMakeFiles/CMakeTmp/CMakeFiles" 1
Building C object CMakeFiles/cmTryCompileExec231668747.dir/CMakeCCompilerABI.c.o
/usr/bin/cc    -o CMakeFiles/cmTryCompileExec231668747.dir/CMakeCCompilerABI.c.o   -c /usr/share/cmake-2.8/Modules/CMakeCCompilerABI.c
Linking C executable cmTryCompileExec231668747
/usr/bin/cmake -E cmake_link_script CMakeFiles/cmTryCompileExec231668747.dir/link.txt --verbose=1
/usr/bin/cc     -v CMakeFiles/cmTryCompileExec231668747.dir/CMakeCCompilerABI.c.o  -o cmTryCompileExec231668747 -rdynamic  
Using built-in specs.
COLLECT_GCC=/usr/bin/cc
COLLECT_LTO_WRAPPER=/usr/lib/gcc/x86_64-linux-gnu/4.8/lto-wrapper
Target: x86_64-linux-gnu
Configured with: ../src/configure -v --with-pkgversion='Ubuntu 4.8.2-19ubuntu1' --with-bugurl=file:///usr/share/doc/gcc-4.8/README.Bugs --enable-languages=c,c++,java,go,d,fortran,objc,obj-c++ --prefix=/usr --program-suffix=-4.8 --enable-shared --enable-linker-build-id --libexecdir=/usr/lib --without-included-gettext --enable-threads=posix --with-gxx-include-dir=/usr/include/c++/4.8 --libdir=/usr/lib --enable-nls --with-sysroot=/ --enable-clocale=gnu --enable-libstdcxx-debug --enable-libstdcxx-time=yes --enable-gnu-unique-object --disable-libmudflap --enable-plugin --with-system-zlib --disable-browser-plugin --enable-java-awt=gtk --enable-gtk-cairo --with-java-home=/usr/lib/jvm/java-1.5.0-gcj-4.8-amd64/jre --enable-java-home --with-jvm-root-dir=/usr/lib/jvm/java-1.5.0-gcj-4.8-amd64 --with-jvm-jar-dir=/usr/lib/jvm-exports/java-1.5.0-gcj-4.8-amd64 --with-arch-directory=amd64 --with-ecj-jar=/usr/share/java/eclipse-ecj.jar --enable-objc-gc --enable-multiarch --disable-werror --with-arch-32=i686 --with-abi=m64 --with-multilib-list=m32,m64,mx32 --with-tune=generic --enable-checking=release --build=x86_64-linux-gnu --host=x86_64-linux-gnu --target=x86_64-linux-gnu
Thread model: posix
gcc version 4.8.2 (Ubuntu 4.8.2-19ubuntu1) 
COMPILER_PATH=/usr/lib/gcc/x86_64-linux-gnu/4.8/:/usr/lib/gcc/x86_64-linux-gnu/4.8/:/usr/lib/gcc/x86_64-linux-gnu/:/usr/lib/gcc/x86_64-linux-gnu/4.8/:/usr/lib/gcc/x86_64-linux-gnu/
LIBRARY_PATH=/usr/lib/gcc/x86_64-linux-gnu/4.8/:/usr/lib/gcc/x86_64-linux-gnu/4.8/../../../x86_64-linux-gnu/:/usr/lib/gcc/x86_64-linux-gnu/4.8/../../../../lib/:/lib/x86_64-linux-gnu/:/lib/../lib/:/usr/lib/x86_64-linux-gnu/:/usr/lib/../lib/:/usr/lib/gcc/x86_64-linux-gnu/4.8/../../../:/lib/:/usr/lib/
COLLECT_GCC_OPTIONS='-v' '-o' 'cmTryCompileExec231668747' '-rdynamic' '-mtune=generic' '-march=x86-64'
 /usr/lib/gcc/x86_64-linux-gnu/4.8/collect2 --sysroot=/ --build-id --eh-frame-hdr -m elf_x86_64 --hash-style=gnu --as-needed -export-dynamic -dynamic-linker /lib64/ld-linux-x86-64.so.2 -z relro -o cmTryCompileExec231668747 /usr/lib/gcc/x86_64-linux-gnu/4.8/../../../x86_64-linux-gnu/crt1.o /usr/lib/gcc/x86_64-linux-gnu/4.8/../../../x86_64-linux-gnu/crti.o /usr/lib/gcc/x86_64-linux-gnu/4.8/crtbegin.o -L/usr/lib/gcc/x86_64-linux-gnu/4.8 -L/usr/lib/gcc/x86_64-linux-gnu/4.8/../../../x86_64-linux-gnu -L/usr/lib/gcc/x86_64-linux-gnu/4.8/../../../../lib -L/lib/x86_64-linux-gnu -L/lib/../lib -L/usr/lib/x86_64-linux-gnu -L/usr/lib/../lib -L/usr/lib/gcc/x86_64-linux-gnu/4.8/../../.. CMakeFiles/cmTryCompileExec231668747.dir/CMakeCCompilerABI.c.o -lgcc --as-needed -lgcc_s --no-as-needed -lc -lgcc --as-needed -lgcc_s --no-as-needed /usr/lib/gcc/x86_64-linux-gnu/4.8/crtend.o /usr/lib/gcc/x86_64-linux-gnu/4.8/../../../x86_64-linux-gnu/crtn.o
make[1]: Leaving directory `/home/nikhil/SemV/CSP301/Project/console(logic)/CMakeFiles/CMakeTmp'


Parsed C implicit link information from above output:
  link line regex: [^( *|.*[/\])(ld|([^/\]+-)?ld|collect2)[^/\]*( |$)]
  ignore line: [Change Dir: /home/nikhil/SemV/CSP301/Project/console(logic)/CMakeFiles/CMakeTmp]
  ignore line: []
  ignore line: [Run Build Command:/usr/bin/make "cmTryCompileExec231668747/fast"]
  ignore line: [/usr/bin/make -f CMakeFiles/cmTryCompileExec231668747.dir/build.make CMakeFiles/cmTryCompileExec231668747.dir/build]
  ignore line: [make[1]: Entering directory `/home/nikhil/SemV/CSP301/Project/console(logic)/CMakeFiles/CMakeTmp']
  ignore line: [/usr/bin/cmake -E cmake_progress_report "/home/nikhil/SemV/CSP301/Project/console(logic)/CMakeFiles/CMakeTmp/CMakeFiles" 1]
  ignore line: [Building C object CMakeFiles/cmTryCompileExec231668747.dir/CMakeCCompilerABI.c.o]
  ignore line: [/usr/bin/cc    -o CMakeFiles/cmTryCompileExec231668747.dir/CMakeCCompilerABI.c.o   -c /usr/share/cmake-2.8/Modules/CMakeCCompilerABI.c]
  ignore line: [Linking C executable cmTryCompileExec231668747]
  ignore line: [/usr/bin/cmake -E cmake_link_script CMakeFiles/cmTryCompileExec231668747.dir/link.txt --verbose=1]
  ignore line: [/usr/bin/cc     -v CMakeFiles/cmTryCompileExec231668747.dir/CMakeCCompilerABI.c.o  -o cmTryCompileExec231668747 -rdynamic  ]
  ignore line: [Using built-in specs.]
  ignore line: [COLLECT_GCC=/usr/bin/cc]
  ignore line: [COLLECT_LTO_WRAPPER=/usr/lib/gcc/x86_64-linux-gnu/4.8/lto-wrapper]
  ignore line: [Target: x86_64-linux-gnu]
  ignore line: [Configured with: ../src/configure -v --with-pkgversion='Ubuntu 4.8.2-19ubuntu1' --with-bugurl=file:///usr/share/doc/gcc-4.8/README.Bugs --enable-languages=c,c++,java,go,d,fortran,objc,obj-c++ --prefix=/usr --program-suffix=-4.8 --enable-shared --enable-linker-build-id --libexecdir=/usr/lib --without-included-gettext --enable-threads=posix --with-gxx-include-dir=/usr/include/c++/4.8 --libdir=/usr/lib --enable-nls --with-sysroot=/ --enable-clocale=gnu --enable-libstdcxx-debug --enable-libstdcxx-time=yes --enable-gnu-unique-object --disable-libmudflap --enable-plugin --with-system-zlib --disable-browser-plugin --enable-java-awt=gtk --enable-gtk-cairo --with-java-home=/usr/lib/jvm/java-1.5.0-gcj-4.8-amd64/jre --enable-java-home --with-jvm-root-dir=/usr/lib/jvm/java-1.5.0-gcj-4.8-amd64 --with-jvm-jar-dir=/usr/lib/jvm-exports/java-1.5.0-gcj-4.8-amd64 --with-arch-directory=amd64 --with-ecj-jar=/usr/share/java/eclipse-ecj.jar --enable-objc-gc --enable-multiarch --disable-werror --with-arch-32=i686 --with-abi=m64 --with-multilib-list=m32,m64,mx32 --with-tune=generic --enable-checking=release --build=x86_64-linux-gnu --host=x86_64-linux-gnu --target=x86_64-linux-gnu]
  ignore line: [Thread model: posix]
  ignore line: [gcc version 4.8.2 (Ubuntu 4.8.2-19ubuntu1) ]
  ignore line: [COMPILER_PATH=/usr/lib/gcc/x86_64-linux-gnu/4.8/:/usr/lib/gcc/x86_64-linux-gnu/4.8/:/usr/lib/gcc/x86_64-linux-gnu/:/usr/lib/gcc/x86_64-linux-gnu/4.8/:/usr/lib/gcc/x86_64-linux-gnu/]
  ignore line: [LIBRARY_PATH=/usr/lib/gcc/x86_64-linux-gnu/4.8/:/usr/lib/gcc/x86_64-linux-gnu/4.8/../../../x86_64-linux-gnu/:/usr/lib/gcc/x86_64-linux-gnu/4.8/../../../../lib/:/lib/x86_64-linux-gnu/:/lib/../lib/:/usr/lib/x86_64-linux-gnu/:/usr/lib/../lib/:/usr/lib/gcc/x86_64-linux-gnu/4.8/../../../:/lib/:/usr/lib/]
  ignore line: [COLLECT_GCC_OPTIONS='-v' '-o' 'cmTryCompileExec231668747' '-rdynamic' '-mtune=generic' '-march=x86-64']
  link line: [ /usr/lib/gcc/x86_64-linux-gnu/4.8/collect2 --sysroot=/ --build-id --eh-frame-hdr -m elf_x86_64 --hash-style=gnu --as-needed -export-dynamic -dynamic-linker /lib64/ld-linux-x86-64.so.2 -z relro -o cmTryCompileExec231668747 /usr/lib/gcc/x86_64-linux-gnu/4.8/../../../x86_64-linux-gnu/crt1.o /usr/lib/gcc/x86_64-linux-gnu/4.8/../../../x86_64-linux-gnu/crti.o /usr/lib/gcc/x86_64-linux-gnu/4.8/crtbegin.o -L/usr/lib/gcc/x86_64-linux-gnu/4.8 -L/usr/lib/gcc/x86_64-linux-gnu/4.8/../../../x86_64-linux-gnu -L/usr/lib/gcc/x86_64-linux-gnu/4.8/../../../../lib -L/lib/x86_64-linux-gnu -L/lib/../lib -L/usr/lib/x86_64-linux-gnu -L/usr/lib/../lib -L/usr/lib/gcc/x86_64-linux-gnu/4.8/../../.. CMakeFiles/cmTryCompileExec231668747.dir/CMakeCCompilerABI.c.o -lgcc --as-needed -lgcc_s --no-as-needed -lc -lgcc --as-needed -lgcc_s --no-as-needed /usr/lib/gcc/x86_64-linux-gnu/4.8/crtend.o /usr/lib/gcc/x86_64-linux-gnu/4.8/../../../x86_64-linux-gnu/crtn.o]
    arg [/usr/lib/gcc/x86_64-linux-gnu/4.8/collect2] ==> ignore
    arg [--sysroot=/] ==> ignore
    arg [--build-id] ==> ignore
    arg [--eh-frame-hdr] ==> ignore
    arg [-m] ==> ignore
    arg [elf_x86_64] ==> ignore
    arg [--hash-style=gnu] ==> ignore
    arg [--as-needed] ==> ignore
    arg [-export-dynamic] ==> ignore
    arg [-dynamic-linker] ==> ignore
    arg [/lib64/ld-linux-x86-64.so.2] ==> ignore
    arg [-zrelro] ==> ignore
    arg [-o] ==> ignore
    arg [cmTryCompileExec231668747] ==> ignore
    arg [/usr/lib/gcc/x86_64-linux-gnu/4.8/../../../x86_64-linux-gnu/crt1.o] ==> ignore
    arg [/usr/lib/gcc/x86_64-linux-gnu/4.8/../../../x86_64-linux-gnu/crti.o] ==> ignore
    arg [/usr/lib/gcc/x86_64-linux-gnu/4.8/crtbegin.o] ==> ignore
    arg [-L/usr/lib/gcc/x86_64-linux-gnu/4.8] ==> dir [/usr/lib/gcc/x86_64-linux-gnu/4.8]
    arg [-L/usr/lib/gcc/x86_64-linux-gnu/4.8/../../../x86_64-linux-gnu] ==> dir [/usr/lib/gcc/x86_64-linux-gnu/4.8/../../../x86_64-linux-gnu]
    arg [-L/usr/lib/gcc/x86_64-linux-gnu/4.8/../../../../lib] ==> dir [/usr/lib/gcc/x86_64-linux-gnu/4.8/../../../../lib]
    arg [-L/lib/x86_64-linux-gnu] ==> dir [/lib/x86_64-linux-gnu]
    arg [-L/lib/../lib] ==> dir [/lib/../lib]
    arg [-L/usr/lib/x86_64-linux-gnu] ==> dir [/usr/lib/x86_64-linux-gnu]
    arg [-L/usr/lib/../lib] ==> dir [/usr/lib/../lib]
    arg [-L/usr/lib/gcc/x86_64-linux-gnu/4.8/../../..] ==> dir [/usr/lib/gcc/x86_64-linux-gnu/4.8/../../..]
    arg [CMakeFiles/cmTryCompileExec231668747.dir/CMakeCCompilerABI.c.o] ==> ignore
    arg [-lgcc] ==> lib [gcc]
    arg [--as-needed] ==> ignore
    arg [-lgcc_s] ==> lib [gcc_s]
    arg [--no-as-needed] ==> ignore
    arg [-lc] ==> lib [c]
    arg [-lgcc] ==> lib [gcc]
    arg [--as-needed] ==> ignore
    arg [-lgcc_s] ==> lib [gcc_s]
    arg [--no-as-needed] ==> ignore
    arg [/usr/lib/gcc/x86_64-linux-gnu/4.8/crtend.o] ==> ignore
    arg [/usr/lib/gcc/x86_64-linux-gnu/4.8/../../../x86_64-linux-gnu/crtn.o] ==> ignore
  remove lib [gcc]
  remove lib [gcc_s]
  remove lib [gcc]
  remove lib [gcc_s]
  collapse library dir [/usr/lib/gcc/x86_64-linux-gnu/4.8] ==> [/usr/lib/gcc/x86_64-linux-gnu/4.8]
  collapse library dir [/usr/lib/gcc/x86_64-linux-gnu/4.8/../../../x86_64-linux-gnu] ==> [/usr/lib/x86_64-linux-gnu]
  collapse library dir [/usr/lib/gcc/x86_64-linux-gnu/4.8/../../../../lib] ==> [/usr/lib]
  collapse library dir [/lib/x86_64-linux-gnu] ==> [/lib/x86_64-linux-gnu]
  collapse library dir [/lib/../lib] ==> [/lib]
  collapse library dir [/usr/lib/x86_64-linux-gnu] ==> [/usr/lib/x86_64-linux-gnu]
  collapse library dir [/usr/lib/../lib] ==> [/usr/lib]
  collapse library dir [/usr/lib/gcc/x86_64-linux-gnu/4.8/../../..] ==> [/usr/lib]
  implicit libs: [c]
  implicit dirs: [/usr/lib/gcc/x86_64-linux-gnu/4.8;/usr/lib/x86_64-linux-gnu;/usr/lib;/lib/x86_64-linux-gnu;/lib]
  implicit fwks: []


Determining if the CXX compiler works passed with the following output:
Change Dir: /home/nikhil/SemV/CSP301/Project/console(logic)/CMakeFiles/CMakeTmp

Run Build Command:/usr/bin/make "cmTryCompileExec1065919208/fast"
/usr/bin/make -f CMakeFiles/cmTryCompileExec1065919208.dir/build.make CMakeFiles/cmTryCompileExec1065919208.dir/build
make[1]: Entering directory `/home/nikhil/SemV/CSP301/Project/console(logic)/CMakeFiles/CMakeTmp'
/usr/bin/cmake -E cmake_progress_report "/home/nikhil/SemV/CSP301/Project/console(logic)/CMakeFiles/CMakeTmp/CMakeFiles" 1
Building CXX object CMakeFiles/cmTryCompileExec1065919208.dir/testCXXCompiler.cxx.o
/usr/bin/c++     -o CMakeFiles/cmTryCompileExec1065919208.dir/testCXXCompiler.cxx.o -c "/home/nikhil/SemV/CSP301/Project/console(logic)/CMakeFiles/CMakeTmp/testCXXCompiler.cxx"
Linking CXX executable cmTryCompileExec1065919208
/usr/bin/cmake -E cmake_link_script CMakeFiles/cmTryCompileExec1065919208.dir/link.txt --verbose=1
/usr/bin/c++        CMakeFiles/cmTryCompileExec1065919208.dir/testCXXCompiler.cxx.o  -o cmTryCompileExec1065919208 -rdynamic 
make[1]: Leaving directory `/home/nikhil/SemV/CSP301/Project/console(logic)/CMakeFiles/CMakeTmp'


Detecting CXX compiler ABI info compiled with the following output:
Change Dir: /home/nikhil/SemV/CSP301/Project/console(logic)/CMakeFiles/CMakeTmp

Run Build Command:/usr/bin/make "cmTryCompileExec1597767513/fast"
/usr/bin/make -f CMakeFiles/cmTryCompileExec1597767513.dir/build.make CMakeFiles/cmTryCompileExec1597767513.dir/build
make[1]: Entering directory `/home/nikhil/SemV/CSP301/Project/console(logic)/CMakeFiles/CMakeTmp'
/usr/bin/cmake -E cmake_progress_report "/home/nikhil/SemV/CSP301/Project/console(logic)/CMakeFiles/CMakeTmp/CMakeFiles" 1
Building CXX object CMakeFiles/cmTryCompileExec1597767513.dir/CMakeCXXCompilerABI.cpp.o
/usr/bin/c++     -o CMakeFiles/cmTryCompileExec1597767513.dir/CMakeCXXCompilerABI.cpp.o -c /usr/share/cmake-2.8/Modules/CMakeCXXCompilerABI.cpp
Linking CXX executable cmTryCompileExec1597767513
/usr/bin/cmake -E cmake_link_script CMakeFiles/cmTryCompileExec1597767513.dir/link.txt --verbose=1
/usr/bin/c++      -v CMakeFiles/cmTryCompileExec1597767513.dir/CMakeCXXCompilerABI.cpp.o  -o cmTryCompileExec1597767513 -rdynamic  
Using built-in specs.
COLLECT_GCC=/usr/bin/c++
COLLECT_LTO_WRAPPER=/usr/lib/gcc/x86_64-linux-gnu/4.8/lto-wrapper
Target: x86_64-linux-gnu
Configured with: ../src/configure -v --with-pkgversion='Ubuntu 4.8.2-19ubuntu1' --with-bugurl=file:///usr/share/doc/gcc-4.8/README.Bugs --enable-languages=c,c++,java,go,d,fortran,objc,obj-c++ --prefix=/usr --program-suffix=-4.8 --enable-shared --enable-linker-build-id --libexecdir=/usr/lib --without-included-gettext --enable-threads=posix --with-gxx-include-dir=/usr/include/c++/4.8 --libdir=/usr/lib --enable-nls --with-sysroot=/ --enable-clocale=gnu --enable-libstdcxx-debug --enable-libstdcxx-time=yes --enable-gnu-unique-object --disable-libmudflap --enable-plugin --with-system-zlib --disable-browser-plugin --enable-java-awt=gtk --enable-gtk-cairo --with-java-home=/usr/lib/jvm/java-1.5.0-gcj-4.8-amd64/jre --enable-java-home --with-jvm-root-dir=/usr/lib/jvm/java-1.5.0-gcj-4.8-amd64 --with-jvm-jar-dir=/usr/lib/jvm-exports/java-1.5.0-gcj-4.8-amd64 --with-arch-directory=amd64 --with-ecj-jar=/usr/share/java/eclipse-ecj.jar --enable-objc-gc --enable-multiarch --disable-werror --with-arch-32=i686 --with-abi=m64 --with-multilib-list=m32,m64,mx32 --with-tune=generic --enable-checking=release --build=x86_64-linux-gnu --host=x86_64-linux-gnu --target=x86_64-linux-gnu
Thread model: posix
gcc version 4.8.2 (Ubuntu 4.8.2-19ubuntu1) 
COMPILER_PATH=/usr/lib/gcc/x86_64-linux-gnu/4.8/:/usr/lib/gcc/x86_64-linux-gnu/4.8/:/usr/lib/gcc/x86_64-linux-gnu/:/usr/lib/gcc/x86_64-linux-gnu/4.8/:/usr/lib/gcc/x86_64-linux-gnu/
LIBRARY_PATH=/usr/lib/gcc/x86_64-linux-gnu/4.8/:/usr/lib/gcc/x86_64-linux-gnu/4.8/../../../x86_64-linux-gnu/:/usr/lib/gcc/x86_64-linux-gnu/4.8/../../../../lib/:/lib/x86_64-linux-gnu/:/lib/../lib/:/usr/lib/x86_64-linux-gnu/:/usr/lib/../lib/:/usr/lib/gcc/x86_64-linux-gnu/4.8/../../../:/lib/:/usr/lib/
COLLECT_GCC_OPTIONS='-v' '-o' 'cmTryCompileExec1597767513' '-rdynamic' '-shared-libgcc' '-mtune=generic' '-march=x86-64'
 /usr/lib/gcc/x86_64-linux-gnu/4.8/collect2 --sysroot=/ --build-id --eh-frame-hdr -m elf_x86_64 --hash-style=gnu --as-needed -export-dynamic -dynamic-linker /lib64/ld-linux-x86-64.so.2 -z relro -o cmTryCompileExec1597767513 /usr/lib/gcc/x86_64-linux-gnu/4.8/../../../x86_64-linux-gnu/crt1.o /usr/lib/gcc/x86_64-linux-gnu/4.8/../../../x86_64-linux-gnu/crti.o /usr/lib/gcc/x86_64-linux-gnu/4.8/crtbegin.o -L/usr/lib/gcc/x86_64-linux-gnu/4.8 -L/usr/lib/gcc/x86_64-linux-gnu/4.8/../../../x86_64-linux-gnu -L/usr/lib/gcc/x86_64-linux-gnu/4.8/../../../../lib -L/lib/x86_64-linux-gnu -L/lib/../lib -L/usr/lib/x86_64-linux-gnu -L/usr/lib/../lib -L/usr/lib/gcc/x86_64-linux-gnu/4.8/../../.. CMakeFiles/cmTryCompileExec1597767513.dir/CMakeCXXCompilerABI.cpp.o -lstdc++ -lm -lgcc_s -lgcc -lc -lgcc_s -lgcc /usr/lib/gcc/x86_64-linux-gnu/4.8/crtend.o /usr/lib/gcc/x86_64-linux-gnu/4.8/../../../x86_64-linux-gnu/crtn.o
make[1]: Leaving directory `/home/nikhil/SemV/CSP301/Project/console(logic)/CMakeFiles/CMakeTmp'


Parsed CXX implicit link information from above output:
  link line regex: [^( *|.*[/\])(ld|([^/\]+-)?ld|collect2)[^/\]*( |$)]
  ignore line: [Change Dir: /home/nikhil/SemV/CSP301/Project/console(logic)/CMakeFiles/CMakeTmp]
  ignore line: []
  ignore line: [Run Build Command:/usr/bin/make "cmTryCompileExec1597767513/fast"]
  ignore line: [/usr/bin/make -f CMakeFiles/cmTryCompileExec1597767513.dir/build.make CMakeFiles/cmTryCompileExec1597767513.dir/build]
  ignore line: [make[1]: Entering directory `/home/nikhil/SemV/CSP301/Project/console(logic)/CMakeFiles/CMakeTmp']
  ignore line: [/usr/bin/cmake -E cmake_progress_report "/home/nikhil/SemV/CSP301/Project/console(logic)/CMakeFiles/CMakeTmp/CMakeFiles" 1]
  ignore line: [Building CXX object CMakeFiles/cmTryCompileExec1597767513.dir/CMakeCXXCompilerABI.cpp.o]
  ignore line: [/usr/bin/c++     -o CMakeFiles/cmTryCompileExec1597767513.dir/CMakeCXXCompilerABI.cpp.o -c /usr/share/cmake-2.8/Modules/CMakeCXXCompilerABI.cpp]
  ignore line: [Linking CXX executable cmTryCompileExec1597767513]
  ignore line: [/usr/bin/cmake -E cmake_link_script CMakeFiles/cmTryCompileExec1597767513.dir/link.txt --verbose=1]
  ignore line: [/usr/bin/c++      -v CMakeFiles/cmTryCompileExec1597767513.dir/CMakeCXXCompilerABI.cpp.o  -o cmTryCompileExec1597767513 -rdynamic  ]
  ignore line: [Using built-in specs.]
  ignore line: [COLLECT_GCC=/usr/bin/c++]
  ignore line: [COLLECT_LTO_WRAPPER=/usr/lib/gcc/x86_64-linux-gnu/4.8/lto-wrapper]
  ignore line: [Target: x86_64-linux-gnu]
  ignore line: [Configured with: ../src/configure -v --with-pkgversion='Ubuntu 4.8.2-19ubuntu1' --with-bugurl=file:///usr/share/doc/gcc-4.8/README.Bugs --enable-languages=c,c++,java,go,d,fortran,objc,obj-c++ --prefix=/usr --program-suffix=-4.8 --enable-shared --enable-linker-build-id --libexecdir=/usr/lib --without-included-gettext --enable-threads=posix --with-gxx-include-dir=/usr/include/c++/4.8 --libdir=/usr/lib --enable-nls --with-sysroot=/ --enable-clocale=gnu --enable-libstdcxx-debug --enable-libstdcxx-time=yes --enable-gnu-unique-object --disable-libmudflap --enable-plugin --with-system-zlib --disable-browser-plugin --enable-java-awt=gtk --enable-gtk-cairo --with-java-home=/usr/lib/jvm/java-1.5.0-gcj-4.8-amd64/jre --enable-java-home --with-jvm-root-dir=/usr/lib/jvm/java-1.5.0-gcj-4.8-amd64 --with-jvm-jar-dir=/usr/lib/jvm-exports/java-1.5.0-gcj-4.8-amd64 --with-arch-directory=amd64 --with-ecj-jar=/usr/share/java/eclipse-ecj.jar --enable-objc-gc --enable-multiarch --disable-werror --with-arch-32=i686 --with-abi=m64 --with-multilib-list=m32,m64,mx32 --with-tune=generic --enable-checking=release --build=x86_64-linux-gnu --host=x86_64-linux-gnu --target=x86_64-linux-gnu]
  ignore line: [Thread model: posix]
  ignore line: [gcc version 4.8.2 (Ubuntu 4.8.2-19ubuntu1) ]
  ignore line: [COMPILER_PATH=/usr/lib/gcc/x86_64-linux-gnu/4.8/:/usr/lib/gcc/x86_64-linux-gnu/4.8/:/usr/lib/gcc/x86_64-linux-gnu/:/usr/lib/gcc/x86_64-linux-gnu/4.8/:/usr/lib/gcc/x86_64-linux-gnu/]
  ignore line: [LIBRARY_PATH=/usr/lib/gcc/x86_64-linux-gnu/4.8/:/usr/lib/gcc/x86_64-linux-gnu/4.8/../../../x86_64-linux-gnu/:/usr/lib/gcc/x86_64-linux-gnu/4.8/../../../../lib/:/lib/x86_64-linux-gnu/:/lib/../lib/:/usr/lib/x86_64-linux-gnu/:/usr/lib/../lib/:/usr/lib/gcc/x86_64-linux-gnu/4.8/../../../:/lib/:/usr/lib/]
  ignore line: [COLLECT_GCC_OPTIONS='-v' '-o' 'cmTryCompileExec1597767513' '-rdynamic' '-shared-libgcc' '-mtune=generic' '-march=x86-64']
  link line: [ /usr/lib/gcc/x86_64-linux-gnu/4.8/collect2 --sysroot=/ --build-id --eh-frame-hdr -m elf_x86_64 --hash-style=gnu --as-needed -export-dynamic -dynamic-linker /lib64/ld-linux-x86-64.so.2 -z relro -o cmTryCompileExec1597767513 /usr/lib/gcc/x86_64-linux-gnu/4.8/../../../x86_64-linux-gnu/crt1.o /usr/lib/gcc/x86_64-linux-gnu/4.8/../../../x86_64-linux-gnu/crti.o /usr/lib/gcc/x86_64-linux-gnu/4.8/crtbegin.o -L/usr/lib/gcc/x86_64-linux-gnu/4.8 -L/usr/lib/gcc/x86_64-linux-gnu/4.8/../../../x86_64-linux-gnu -L/usr/lib/gcc/x86_64-linux-gnu/4.8/../../../../lib -L/lib/x86_64-linux-gnu -L/lib/../lib -L/usr/lib/x86_64-linux-gnu -L/usr/lib/../lib -L/usr/lib/gcc/x86_64-linux-gnu/4.8/../../.. CMakeFiles/cmTryCompileExec1597767513.dir/CMakeCXXCompilerABI.cpp.o -lstdc++ -lm -lgcc_s -lgcc -lc -lgcc_s -lgcc /usr/lib/gcc/x86_64-linux-gnu/4.8/crtend.o /usr/lib/gcc/x86_64-linux-gnu/4.8/../../../x86_64-linux-gnu/crtn.o]
    arg [/usr/lib/gcc/x86_64-linux-gnu/4.8/collect2] ==> ignore
    arg [--sysroot=/] ==> ignore
    arg [--build-id] ==> ignore
    arg [--eh-frame-hdr] ==> ignore
    arg [-m] ==> ignore
    arg [elf_x86_64] ==> ignore
    arg [--hash-style=gnu] ==> ignore
    arg [--as-needed] ==> ignore
    arg [-export-dynamic] ==> ignore
    arg [-dynamic-linker] ==> ignore
    arg [/lib64/ld-linux-x86-64.so.2] ==> ignore
    arg [-zrelro] ==> ignore
    arg [-o] ==> ignore
    arg [cmTryCompileExec1597767513] ==> ignore
    arg [/usr/lib/gcc/x86_64-linux-gnu/4.8/../../../x86_64-linux-gnu/crt1.o] ==> ignore
    arg [/usr/lib/gcc/x86_64-linux-gnu/4.8/../../../x86_64-linux-gnu/crti.o] ==> ignore
    arg [/usr/lib/gcc/x86_64-linux-gnu/4.8/crtbegin.o] ==> ignore
    arg [-L/usr/lib/gcc/x86_64-linux-gnu/4.8] ==> dir [/usr/lib/gcc/x86_64-linux-gnu/4.8]
    arg [-L/usr/lib/gcc/x86_64-linux-gnu/4.8/../../../x86_64-linux-gnu] ==> dir [/usr/lib/gcc/x86_64-linux-gnu/4.8/../../../x86_64-linux-gnu]
    arg [-L/usr/lib/gcc/x86_64-linux-gnu/4.8/../../../../lib] ==> dir [/usr/lib/gcc/x86_64-linux-gnu/4.8/../../../../lib]
    arg [-L/lib/x86_64-linux-gnu] ==> dir [/lib/x86_64-linux-gnu]
    arg [-L/lib/../lib] ==> dir [/lib/../lib]
    arg [-L/usr/lib/x86_64-linux-gnu] ==> dir [/usr/lib/x86_64-linux-gnu]
    arg [-L/usr/lib/../lib] ==> dir [/usr/lib/../lib]
    arg [-L/usr/lib/gcc/x86_64-linux-gnu/4.8/../../..] ==> dir [/usr/lib/gcc/x86_64-linux-gnu/4.8/../../..]
    arg [CMakeFiles/cmTryCompileExec1597767513.dir/CMakeCXXCompilerABI.cpp.o] ==> ignore
    arg [-lstdc++] ==> lib [stdc++]
    arg [-lm] ==> lib [m]
    arg [-lgcc_s] ==> lib [gcc_s]
    arg [-lgcc] ==> lib [gcc]
    arg [-lc] ==> lib [c]
    arg [-lgcc_s] ==> lib [gcc_s]
    arg [-lgcc] ==> lib [gcc]
    arg [/usr/lib/gcc/x86_64-linux-gnu/4.8/crtend.o] ==> ignore
    arg [/usr/lib/gcc/x86_64-linux-gnu/4.8/../../../x86_64-linux-gnu/crtn.o] ==> ignore
  remove lib [gcc_s]
  remove lib [gcc]
  remove lib [gcc_s]
  remove lib [gcc]
  collapse library dir [/usr/lib/gcc/x86_64-linux-gnu/4.8] ==> [/usr/lib/gcc/x86_64-linux-gnu/4.8]
  collapse library dir [/usr/lib/gcc/x86_64-linux-gnu/4.8/../../../x86_64-linux-gnu] ==> [/usr/lib/x86_64-linux-gnu]
  collapse library dir [/usr/lib/gcc/x86_64-linux-gnu/4.8/../../../../lib] ==> [/usr/lib]
  collapse library dir [/lib/x86_64-linux-gnu] ==> [/lib/x86_64-linux-gnu]
  collapse library dir [/lib/../lib] ==> [/lib]
  collapse library dir [/usr/lib/x86_64-linux-gnu] ==> [/usr/lib/x86_64-linux-gnu]
  collapse library dir [/usr/lib/../lib] ==> [/usr/lib]
  collapse library dir [/usr/lib/gcc/x86_64-linux-gnu/4.8/../../..] ==> [/usr/lib]
  implicit libs: [stdc++;m;c]
  implicit dirs: [/usr/lib/gcc/x86_64-linux-gnu/4.8;/usr/lib/x86_64-linux-gnu;/usr/lib;/lib/x86_64-linux-gnu;/lib]
  implicit fwks: []


Determining if the function XOpenDisplay exists in the /usr/lib/x86_64-linux-gnu/libX11.so;/usr/lib/x86_64-linux-gnu/libXext.so passed with the following output:
Change Dir: /home/nikhil/SemV/CSP301/Project/Integration/console(logic)/CMakeFiles/CMakeTmp

Run Build Command:/usr/bin/make "cmTryCompileExec3863095718/fast"
/usr/bin/make -f CMakeFiles/cmTryCompileExec3863095718.dir/build.make CMakeFiles/cmTryCompileExec3863095718.dir/build
make[1]: Entering directory `/home/nikhil/SemV/CSP301/Project/Integration/console(logic)/CMakeFiles/CMakeTmp'
/usr/bin/cmake -E cmake_progress_report "/home/nikhil/SemV/CSP301/Project/Integration/console(logic)/CMakeFiles/CMakeTmp/CMakeFiles" 1
Building C object CMakeFiles/cmTryCompileExec3863095718.dir/CheckFunctionExists.c.o
/usr/bin/cc   -DCHECK_FUNCTION_EXISTS=XOpenDisplay   -o CMakeFiles/cmTryCompileExec3863095718.dir/CheckFunctionExists.c.o   -c /usr/share/cmake-2.8/Modules/CheckFunctionExists.c
Linking C executable cmTryCompileExec3863095718
/usr/bin/cmake -E cmake_link_script CMakeFiles/cmTryCompileExec3863095718.dir/link.txt --verbose=1
/usr/bin/cc   -DCHECK_FUNCTION_EXISTS=XOpenDisplay    CMakeFiles/cmTryCompileExec3863095718.dir/CheckFunctionExists.c.o  -o cmTryCompileExec3863095718 -rdynamic -lX11 -lXext 
make[1]: Leaving directory `/home/nikhil/SemV/CSP301/Project/Integration/console(logic)/CMakeFiles/CMakeTmp'


Determining if the function gethostbyname exists passed with the following output:
Change Dir: /home/nikhil/SemV/CSP301/Project/Integration/console(logic)/CMakeFiles/CMakeTmp

Run Build Command:/usr/bin/make "cmTryCompileExec1541630856/fast"
/usr/bin/make -f CMakeFiles/cmTryCompileExec1541630856.dir/build.make CMakeFiles/cmTryCompileExec1541630856.dir/build
make[1]: Entering directory `/home/nikhil/SemV/CSP301/Project/Integration/console(logic)/CMakeFiles/CMakeTmp'
/usr/bin/cmake -E cmake_progress_report "/home/nikhil/SemV/CSP301/Project/Integration/console(logic)/CMakeFiles/CMakeTmp/CMakeFiles" 1
Building C object CMakeFiles/cmTryCompileExec1541630856.dir/CheckFunctionExists.c.o
/usr/bin/cc   -DCHECK_FUNCTION_EXISTS=gethostbyname   -o CMakeFiles/cmTryCompileExec1541630856.dir/CheckFunctionExists.c.o   -c /usr/share/cmake-2.8/Modules/CheckFunctionExists.c
Linking C executable cmTryCompileExec1541630856
/usr/bin/cmake -E cmake_link_script CMakeFiles/cmTryCompileExec1541630856.dir/link.txt --verbose=1
/usr/bin/cc   -DCHECK_FUNCTION_EXISTS=gethostbyname    CMakeFiles/cmTryCompileExec1541630856.dir/CheckFunctionExists.c.o  -o cmTryCompileExec1541630856 -rdynamic 
make[1]: Leaving directory `/home/nikhil/SemV/CSP301/Project/Integration/console(logic)/CMakeFiles/CMakeTmp'


Determining if the function connect exists passed with the following output:
Change Dir: /home/nikhil/SemV/CSP301/Project/Integration/console(logic)/CMakeFiles/CMakeTmp

Run Build Command:/usr/bin/make "cmTryCompileExec1264758482/fast"
/usr/bin/make -f CMakeFiles/cmTryCompileExec1264758482.dir/build.make CMakeFiles/cmTryCompileExec1264758482.dir/build
make[1]: Entering directory `/home/nikhil/SemV/CSP301/Project/Integration/console(logic)/CMakeFiles/CMakeTmp'
/usr/bin/cmake -E cmake_progress_report "/home/nikhil/SemV/CSP301/Project/Integration/console(logic)/CMakeFiles/CMakeTmp/CMakeFiles" 1
Building C object CMakeFiles/cmTryCompileExec1264758482.dir/CheckFunctionExists.c.o
/usr/bin/cc   -DCHECK_FUNCTION_EXISTS=connect   -o CMakeFiles/cmTryCompileExec1264758482.dir/CheckFunctionExists.c.o   -c /usr/share/cmake-2.8/Modules/CheckFunctionExists.c
Linking C executable cmTryCompileExec1264758482
/usr/bin/cmake -E cmake_link_script CMakeFiles/cmTryCompileExec1264758482.dir/link.txt --verbose=1
/usr/bin/cc   -DCHECK_FUNCTION_EXISTS=connect    CMakeFiles/cmTryCompileExec1264758482.dir/CheckFunctionExists.c.o  -o cmTryCompileExec1264758482 -rdynamic 
make[1]: Leaving directory `/home/nikhil/SemV/CSP301/Project/Integration/console(logic)/CMakeFiles/CMakeTmp'


Determining if the function remove exists passed with the following output:
Change Dir: /home/nikhil/SemV/CSP301/Project/Integration/console(logic)/CMakeFiles/CMakeTmp

Run Build Command:/usr/bin/make "cmTryCompileExec1319735919/fast"
/usr/bin/make -f CMakeFiles/cmTryCompileExec1319735919.dir/build.make CMakeFiles/cmTryCompileExec1319735919.dir/build
make[1]: Entering directory `/home/nikhil/SemV/CSP301/Project/Integration/console(logic)/CMakeFiles/CMakeTmp'
/usr/bin/cmake -E cmake_progress_report "/home/nikhil/SemV/CSP301/Project/Integration/console(logic)/CMakeFiles/CMakeTmp/CMakeFiles" 1
Building C object CMakeFiles/cmTryCompileExec1319735919.dir/CheckFunctionExists.c.o
/usr/bin/cc   -DCHECK_FUNCTION_EXISTS=remove   -o CMakeFiles/cmTryCompileExec1319735919.dir/CheckFunctionExists.c.o   -c /usr/share/cmake-2.8/Modules/CheckFunctionExists.c
Linking C executable cmTryCompileExec1319735919
/usr/bin/cmake -E cmake_link_script CMakeFiles/cmTryCompileExec1319735919.dir/link.txt --verbose=1
/usr/bin/cc   -DCHECK_FUNCTION_EXISTS=remove    CMakeFiles/cmTryCompileExec1319735919.dir/CheckFunctionExists.c.o  -o cmTryCompileExec1319735919 -rdynamic 
make[1]: Leaving directory `/home/nikhil/SemV/CSP301/Project/Integration/console(logic)/CMakeFiles/CMakeTmp'


Determining if the function shmat exists passed with the following output:
Change Dir: /home/nikhil/SemV/CSP301/Project/Integration/console(logic)/CMakeFiles/CMakeTmp

Run Build Command:/usr/bin/make "cmTryCompileExec3843136029/fast"
/usr/bin/make -f CMakeFiles/cmTryCompileExec3843136029.dir/build.make CMakeFiles/cmTryCompileExec3843136029.dir/build
make[1]: Entering directory `/home/nikhil/SemV/CSP301/Project/Integration/console(logic)/CMakeFiles/CMakeTmp'
/usr/bin/cmake -E cmake_progress_report "/home/nikhil/SemV/CSP301/Project/Integration/console(logic)/CMakeFiles/CMakeTmp/CMakeFiles" 1
Building C object CMakeFiles/cmTryCompileExec3843136029.dir/CheckFunctionExists.c.o
/usr/bin/cc   -DCHECK_FUNCTION_EXISTS=shmat   -o CMakeFiles/cmTryCompileExec3843136029.dir/CheckFunctionExists.c.o   -c /usr/share/cmake-2.8/Modules/CheckFunctionExists.c
Linking C executable cmTryCompileExec3843136029
/usr/bin/cmake -E cmake_link_script CMakeFiles/cmTryCompileExec3843136029.dir/link.txt --verbose=1
/usr/bin/cc   -DCHECK_FUNCTION_EXISTS=shmat    CMakeFiles/cmTryCompileExec3843136029.dir/CheckFunctionExists.c.o  -o cmTryCompileExec3843136029 -rdynamic 
make[1]: Leaving directory `/home/nikhil/SemV/CSP301/Project/Integration/console(logic)/CMakeFiles/CMakeTmp'


Determining if the function IceConnectionNumber exists in the ICE passed with the following output:
Change Dir: /home/nikhil/SemV/CSP301/Project/Integration/console(logic)/CMakeFiles/CMakeTmp

Run Build Command:/usr/bin/make "cmTryCompileExec746961566/fast"
/usr/bin/make -f CMakeFiles/cmTryCompileExec746961566.dir/build.make CMakeFiles/cmTryCompileExec746961566.dir/build
make[1]: Entering directory `/home/nikhil/SemV/CSP301/Project/Integration/console(logic)/CMakeFiles/CMakeTmp'
/usr/bin/cmake -E cmake_progress_report "/home/nikhil/SemV/CSP301/Project/Integration/console(logic)/CMakeFiles/CMakeTmp/CMakeFiles" 1
Building C object CMakeFiles/cmTryCompileExec746961566.dir/CheckFunctionExists.c.o
/usr/bin/cc   -DCHECK_FUNCTION_EXISTS=IceConnectionNumber   -o CMakeFiles/cmTryCompileExec746961566.dir/CheckFunctionExists.c.o   -c /usr/share/cmake-2.8/Modules/CheckFunctionExists.c
Linking C executable cmTryCompileExec746961566
/usr/bin/cmake -E cmake_link_script CMakeFiles/cmTryCompileExec746961566.dir/link.txt --verbose=1
/usr/bin/cc   -DCHECK_FUNCTION_EXISTS=IceConnectionNumber    CMakeFiles/cmTryCompileExec746961566.dir/CheckFunctionExists.c.o  -o cmTryCompileExec746961566 -rdynamic -lICE 
make[1]: Leaving directory `/home/nikhil/SemV/CSP301/Project/Integration/console(logic)/CMakeFiles/CMakeTmp'


Determining if the function XOpenDisplay exists in the /usr/lib/x86_64-linux-gnu/libX11.so;/usr/lib/x86_64-linux-gnu/libXext.so passed with the following output:
Change Dir: /home/nikhil/SemV/CSP301/Project/FinalGame/CMakeFiles/CMakeTmp

Run Build Command:/usr/bin/make "cmTryCompileExec2118995731/fast"
/usr/bin/make -f CMakeFiles/cmTryCompileExec2118995731.dir/build.make CMakeFiles/cmTryCompileExec2118995731.dir/build
make[1]: Entering directory `/home/nikhil/SemV/CSP301/Project/FinalGame/CMakeFiles/CMakeTmp'
/usr/bin/cmake -E cmake_progress_report /home/nikhil/SemV/CSP301/Project/FinalGame/CMakeFiles/CMakeTmp/CMakeFiles 1
Building C object CMakeFiles/cmTryCompileExec2118995731.dir/CheckFunctionExists.c.o
/usr/bin/cc   -DCHECK_FUNCTION_EXISTS=XOpenDisplay   -o CMakeFiles/cmTryCompileExec2118995731.dir/CheckFunctionExists.c.o   -c /usr/share/cmake-2.8/Modules/CheckFunctionExists.c
Linking C executable cmTryCompileExec2118995731
/usr/bin/cmake -E cmake_link_script CMakeFiles/cmTryCompileExec2118995731.dir/link.txt --verbose=1
/usr/bin/cc   -DCHECK_FUNCTION_EXISTS=XOpenDisplay    CMakeFiles/cmTryCompileExec2118995731.dir/CheckFunctionExists.c.o  -o cmTryCompileExec2118995731 -rdynamic -lX11 -lXext 
make[1]: Leaving directory `/home/nikhil/SemV/CSP301/Project/FinalGame/CMakeFiles/CMakeTmp'


Determining if the function gethostbyname exists passed with the following output:
Change Dir: /home/nikhil/SemV/CSP301/Project/FinalGame/CMakeFiles/CMakeTmp

Run Build Command:/usr/bin/make "cmTryCompileExec3724141305/fast"
/usr/bin/make -f CMakeFiles/cmTryCompileExec3724141305.dir/build.make CMakeFiles/cmTryCompileExec3724141305.dir/build
make[1]: Entering directory `/home/nikhil/SemV/CSP301/Project/FinalGame/CMakeFiles/CMakeTmp'
/usr/bin/cmake -E cmake_progress_report /home/nikhil/SemV/CSP301/Project/FinalGame/CMakeFiles/CMakeTmp/CMakeFiles 1
Building C object CMakeFiles/cmTryCompileExec3724141305.dir/CheckFunctionExists.c.o
/usr/bin/cc   -DCHECK_FUNCTION_EXISTS=gethostbyname   -o CMakeFiles/cmTryCompileExec3724141305.dir/CheckFunctionExists.c.o   -c /usr/share/cmake-2.8/Modules/CheckFunctionExists.c
Linking C executable cmTryCompileExec3724141305
/usr/bin/cmake -E cmake_link_script CMakeFiles/cmTryCompileExec3724141305.dir/link.txt --verbose=1
/usr/bin/cc   -DCHECK_FUNCTION_EXISTS=gethostbyname    CMakeFiles/cmTryCompileExec3724141305.dir/CheckFunctionExists.c.o  -o cmTryCompileExec3724141305 -rdynamic 
make[1]: Leaving directory `/home/nikhil/SemV/CSP301/Project/FinalGame/CMakeFiles/CMakeTmp'


Determining if the function connect exists passed with the following output:
Change Dir: /home/nikhil/SemV/CSP301/Project/FinalGame/CMakeFiles/CMakeTmp

Run Build Command:/usr/bin/make "cmTryCompileExec2976597071/fast"
/usr/bin/make -f CMakeFiles/cmTryCompileExec2976597071.dir/build.make CMakeFiles/cmTryCompileExec2976597071.dir/build
make[1]: Entering directory `/home/nikhil/SemV/CSP301/Project/FinalGame/CMakeFiles/CMakeTmp'
/usr/bin/cmake -E cmake_progress_report /home/nikhil/SemV/CSP301/Project/FinalGame/CMakeFiles/CMakeTmp/CMakeFiles 1
Building C object CMakeFiles/cmTryCompileExec2976597071.dir/CheckFunctionExists.c.o
/usr/bin/cc   -DCHECK_FUNCTION_EXISTS=connect   -o CMakeFiles/cmTryCompileExec2976597071.dir/CheckFunctionExists.c.o   -c /usr/share/cmake-2.8/Modules/CheckFunctionExists.c
Linking C executable cmTryCompileExec2976597071
/usr/bin/cmake -E cmake_link_script CMakeFiles/cmTryCompileExec2976597071.dir/link.txt --verbose=1
/usr/bin/cc   -DCHECK_FUNCTION_EXISTS=connect    CMakeFiles/cmTryCompileExec2976597071.dir/CheckFunctionExists.c.o  -o cmTryCompileExec2976597071 -rdynamic 
make[1]: Leaving directory `/home/nikhil/SemV/CSP301/Project/FinalGame/CMakeFiles/CMakeTmp'


Determining if the function remove exists passed with the following output:
Change Dir: /home/nikhil/SemV/CSP301/Project/FinalGame/CMakeFiles/CMakeTmp

Run Build Command:/usr/bin/make "cmTryCompileExec3553396358/fast"
/usr/bin/make -f CMakeFiles/cmTryCompileExec3553396358.dir/build.make CMakeFiles/cmTryCompileExec3553396358.dir/build
make[1]: Entering directory `/home/nikhil/SemV/CSP301/Project/FinalGame/CMakeFiles/CMakeTmp'
/usr/bin/cmake -E cmake_progress_report /home/nikhil/SemV/CSP301/Project/FinalGame/CMakeFiles/CMakeTmp/CMakeFiles 1
Building C object CMakeFiles/cmTryCompileExec3553396358.dir/CheckFunctionExists.c.o
/usr/bin/cc   -DCHECK_FUNCTION_EXISTS=remove   -o CMakeFiles/cmTryCompileExec3553396358.dir/CheckFunctionExists.c.o   -c /usr/share/cmake-2.8/Modules/CheckFunctionExists.c
Linking C executable cmTryCompileExec3553396358
/usr/bin/cmake -E cmake_link_script CMakeFiles/cmTryCompileExec3553396358.dir/link.txt --verbose=1
/usr/bin/cc   -DCHECK_FUNCTION_EXISTS=remove    CMakeFiles/cmTryCompileExec3553396358.dir/CheckFunctionExists.c.o  -o cmTryCompileExec3553396358 -rdynamic 
make[1]: Leaving directory `/home/nikhil/SemV/CSP301/Project/FinalGame/CMakeFiles/CMakeTmp'


Determining if the function shmat exists passed with the following output:
Change Dir: /home/nikhil/SemV/CSP301/Project/FinalGame/CMakeFiles/CMakeTmp

Run Build Command:/usr/bin/make "cmTryCompileExec2918023130/fast"
/usr/bin/make -f CMakeFiles/cmTryCompileExec2918023130.dir/build.make CMakeFiles/cmTryCompileExec2918023130.dir/build
make[1]: Entering directory `/home/nikhil/SemV/CSP301/Project/FinalGame/CMakeFiles/CMakeTmp'
/usr/bin/cmake -E cmake_progress_report /home/nikhil/SemV/CSP301/Project/FinalGame/CMakeFiles/CMakeTmp/CMakeFiles 1
Building C object CMakeFiles/cmTryCompileExec2918023130.dir/CheckFunctionExists.c.o
/usr/bin/cc   -DCHECK_FUNCTION_EXISTS=shmat   -o CMakeFiles/cmTryCompileExec2918023130.dir/CheckFunctionExists.c.o   -c /usr/share/cmake-2.8/Modules/CheckFunctionExists.c
Linking C executable cmTryCompileExec2918023130
/usr/bin/cmake -E cmake_link_script CMakeFiles/cmTryCompileExec2918023130.dir/link.txt --verbose=1
/usr/bin/cc   -DCHECK_FUNCTION_EXISTS=shmat    CMakeFiles/cmTryCompileExec2918023130.dir/CheckFunctionExists.c.o  -o cmTryCompileExec2918023130 -rdynamic 
make[1]: Leaving directory `/home/nikhil/SemV/CSP301/Project/FinalGame/CMakeFiles/CMakeTmp'


Determining if the function IceConnectionNumber exists in the ICE passed with the following output:
Change Dir: /home/nikhil/SemV/CSP301/Project/FinalGame/CMakeFiles/CMakeTmp

Run Build Command:/usr/bin/make "cmTryCompileExec3003019366/fast"
/usr/bin/make -f CMakeFiles/cmTryCompileExec3003019366.dir/build.make CMakeFiles/cmTryCompileExec3003019366.dir/build
make[1]: Entering directory `/home/nikhil/SemV/CSP301/Project/FinalGame/CMakeFiles/CMakeTmp'
/usr/bin/cmake -E cmake_progress_report /home/nikhil/SemV/CSP301/Project/FinalGame/CMakeFiles/CMakeTmp/CMakeFiles 1
Building C object CMakeFiles/cmTryCompileExec3003019366.dir/CheckFunctionExists.c.o
/usr/bin/cc   -DCHECK_FUNCTION_EXISTS=IceConnectionNumber   -o CMakeFiles/cmTryCompileExec3003019366.dir/CheckFunctionExists.c.o   -c /usr/share/cmake-2.8/Modules/CheckFunctionExists.c
Linking C executable cmTryCompileExec3003019366
/usr/bin/cmake -E cmake_link_script CMakeFiles/cmTryCompileExec3003019366.dir/link.txt --verbose=1
/usr/bin/cc   -DCHECK_FUNCTION_EXISTS=IceConnectionNumber    CMakeFiles/cmTryCompileExec3003019366.dir/CheckFunctionExists.c.o  -o cmTryCompileExec3003019366 -rdynamic -lICE 
make[1]: Leaving directory `/home/nikhil/SemV/CSP301/Project/FinalGame/CMakeFiles/CMakeTmp'


Determining if the function XOpenDisplay exists in the /usr/lib/x86_64-linux-gnu/libX11.so;/usr/lib/x86_64-linux-gnu/libXext.so passed with the following output:
Change Dir: /home/nikhil/SemV/CSP301/Project/FinalGame/CMakeFiles/CMakeTmp

Run Build Command:/usr/bin/make "cmTryCompileExec1737681006/fast"
/usr/bin/make -f CMakeFiles/cmTryCompileExec1737681006.dir/build.make CMakeFiles/cmTryCompileExec1737681006.dir/build
make[1]: Entering directory `/home/nikhil/SemV/CSP301/Project/FinalGame/CMakeFiles/CMakeTmp'
/usr/bin/cmake -E cmake_progress_report /home/nikhil/SemV/CSP301/Project/FinalGame/CMakeFiles/CMakeTmp/CMakeFiles 1
Building C object CMakeFiles/cmTryCompileExec1737681006.dir/CheckFunctionExists.c.o
/usr/bin/cc   -DCHECK_FUNCTION_EXISTS=XOpenDisplay   -o CMakeFiles/cmTryCompileExec1737681006.dir/CheckFunctionExists.c.o   -c /usr/share/cmake-2.8/Modules/CheckFunctionExists.c
Linking C executable cmTryCompileExec1737681006
/usr/bin/cmake -E cmake_link_script CMakeFiles/cmTryCompileExec1737681006.dir/link.txt --verbose=1
/usr/bin/cc   -DCHECK_FUNCTION_EXISTS=XOpenDisplay    CMakeFiles/cmTryCompileExec1737681006.dir/CheckFunctionExists.c.o  -o cmTryCompileExec1737681006 -rdynamic -lX11 -lXext 
make[1]: Leaving directory `/home/nikhil/SemV/CSP301/Project/FinalGame/CMakeFiles/CMakeTmp'


Determining if the function gethostbyname exists passed with the following output:
Change Dir: /home/nikhil/SemV/CSP301/Project/FinalGame/CMakeFiles/CMakeTmp

Run Build Command:/usr/bin/make "cmTryCompileExec2856884216/fast"
/usr/bin/make -f CMakeFiles/cmTryCompileExec2856884216.dir/build.make CMakeFiles/cmTryCompileExec2856884216.dir/build
make[1]: Entering directory `/home/nikhil/SemV/CSP301/Project/FinalGame/CMakeFiles/CMakeTmp'
/usr/bin/cmake -E cmake_progress_report /home/nikhil/SemV/CSP301/Project/FinalGame/CMakeFiles/CMakeTmp/CMakeFiles 1
Building C object CMakeFiles/cmTryCompileExec2856884216.dir/CheckFunctionExists.c.o
/usr/bin/cc   -DCHECK_FUNCTION_EXISTS=gethostbyname   -o CMakeFiles/cmTryCompileExec2856884216.dir/CheckFunctionExists.c.o   -c /usr/share/cmake-2.8/Modules/CheckFunctionExists.c
Linking C executable cmTryCompileExec2856884216
/usr/bin/cmake -E cmake_link_script CMakeFiles/cmTryCompileExec2856884216.dir/link.txt --verbose=1
/usr/bin/cc   -DCHECK_FUNCTION_EXISTS=gethostbyname    CMakeFiles/cmTryCompileExec2856884216.dir/CheckFunctionExists.c.o  -o cmTryCompileExec2856884216 -rdynamic 
make[1]: Leaving directory `/home/nikhil/SemV/CSP301/Project/FinalGame/CMakeFiles/CMakeTmp'


Determining if the function connect exists passed with the following output:
Change Dir: /home/nikhil/SemV/CSP301/Project/FinalGame/CMakeFiles/CMakeTmp

Run Build Command:/usr/bin/make "cmTryCompileExec2613983338/fast"
/usr/bin/make -f CMakeFiles/cmTryCompileExec2613983338.dir/build.make CMakeFiles/cmTryCompileExec2613983338.dir/build
make[1]: Entering directory `/home/nikhil/SemV/CSP301/Project/FinalGame/CMakeFiles/CMakeTmp'
/usr/bin/cmake -E cmake_progress_report /home/nikhil/SemV/CSP301/Project/FinalGame/CMakeFiles/CMakeTmp/CMakeFiles 1
Building C object CMakeFiles/cmTryCompileExec2613983338.dir/CheckFunctionExists.c.o
/usr/bin/cc   -DCHECK_FUNCTION_EXISTS=connect   -o CMakeFiles/cmTryCompileExec2613983338.dir/CheckFunctionExists.c.o   -c /usr/share/cmake-2.8/Modules/CheckFunctionExists.c
Linking C executable cmTryCompileExec2613983338
/usr/bin/cmake -E cmake_link_script CMakeFiles/cmTryCompileExec2613983338.dir/link.txt --verbose=1
/usr/bin/cc   -DCHECK_FUNCTION_EXISTS=connect    CMakeFiles/cmTryCompileExec2613983338.dir/CheckFunctionExists.c.o  -o cmTryCompileExec2613983338 -rdynamic 
make[1]: Leaving directory `/home/nikhil/SemV/CSP301/Project/FinalGame/CMakeFiles/CMakeTmp'


Determining if the function remove exists passed with the following output:
Change Dir: /home/nikhil/SemV/CSP301/Project/FinalGame/CMakeFiles/CMakeTmp

Run Build Command:/usr/bin/make "cmTryCompileExec1129941148/fast"
/usr/bin/make -f CMakeFiles/cmTryCompileExec1129941148.dir/build.make CMakeFiles/cmTryCompileExec1129941148.dir/build
make[1]: Entering directory `/home/nikhil/SemV/CSP301/Project/FinalGame/CMakeFiles/CMakeTmp'
/usr/bin/cmake -E cmake_progress_report /home/nikhil/SemV/CSP301/Project/FinalGame/CMakeFiles/CMakeTmp/CMakeFiles 1
Building C object CMakeFiles/cmTryCompileExec1129941148.dir/CheckFunctionExists.c.o
/usr/bin/cc   -DCHECK_FUNCTION_EXISTS=remove   -o CMakeFiles/cmTryCompileExec1129941148.dir/CheckFunctionExists.c.o   -c /usr/share/cmake-2.8/Modules/CheckFunctionExists.c
Linking C executable cmTryCompileExec1129941148
/usr/bin/cmake -E cmake_link_script CMakeFiles/cmTryCompileExec1129941148.dir/link.txt --verbose=1
/usr/bin/cc   -DCHECK_FUNCTION_EXISTS=remove    CMakeFiles/cmTryCompileExec1129941148.dir/CheckFunctionExists.c.o  -o cmTryCompileExec1129941148 -rdynamic 
make[1]: Leaving directory `/home/nikhil/SemV/CSP301/Project/FinalGame/CMakeFiles/CMakeTmp'


Determining if the function shmat exists passed with the following output:
Change Dir: /home/nikhil/SemV/CSP301/Project/FinalGame/CMakeFiles/CMakeTmp

Run Build Command:/usr/bin/make "cmTryCompileExec833839358/fast"
/usr/bin/make -f CMakeFiles/cmTryCompileExec833839358.dir/build.make CMakeFiles/cmTryCompileExec833839358.dir/build
make[1]: Entering directory `/home/nikhil/SemV/CSP301/Project/FinalGame/CMakeFiles/CMakeTmp'
/usr/bin/cmake -E cmake_progress_report /home/nikhil/SemV/CSP301/Project/FinalGame/CMakeFiles/CMakeTmp/CMakeFiles 1
Building C object CMakeFiles/cmTryCompileExec833839358.dir/CheckFunctionExists.c.o
/usr/bin/cc   -DCHECK_FUNCTION_EXISTS=shmat   -o CMakeFiles/cmTryCompileExec833839358.dir/CheckFunctionExists.c.o   -c /usr/share/cmake-2.8/Modules/CheckFunctionExists.c
Linking C executable cmTryCompileExec833839358
/usr/bin/cmake -E cmake_link_script CMakeFiles/cmTryCompileExec833839358.dir/link.txt --verbose=1
/usr/bin/cc   -DCHECK_FUNCTION_EXISTS=shmat    CMakeFiles/cmTryCompileExec833839358.dir/CheckFunctionExists.c.o  -o cmTryCompileExec833839358 -rdynamic 
make[1]: Leaving directory `/home/nikhil/SemV/CSP301/Project/FinalGame/CMakeFiles/CMakeTmp'


Determining if the function IceConnectionNumber exists in the ICE passed with the following output:
Change Dir: /home/nikhil/SemV/CSP301/Project/FinalGame/CMakeFiles/CMakeTmp

Run Build Command:/usr/bin/make "cmTryCompileExec2914051377/fast"
/usr/bin/make -f CMakeFiles/cmTryCompileExec2914051377.dir/build.make CMakeFiles/cmTryCompileExec2914051377.dir/build
make[1]: Entering directory `/home/nikhil/SemV/CSP301/Project/FinalGame/CMakeFiles/CMakeTmp'
/usr/bin/cmake -E cmake_progress_report /home/nikhil/SemV/CSP301/Project/FinalGame/CMakeFiles/CMakeTmp/CMakeFiles 1
Building C object CMakeFiles/cmTryCompileExec2914051377.dir/CheckFunctionExists.c.o
/usr/bin/cc   -DCHECK_FUNCTION_EXISTS=IceConnectionNumber   -o CMakeFiles/cmTryCompileExec2914051377.dir/CheckFunctionExists.c.o   -c /usr/share/cmake-2.8/Modules/CheckFunctionExists.c
Linking C executable cmTryCompileExec2914051377
/usr/bin/cmake -E cmake_link_script CMakeFiles/cmTryCompileExec2914051377.dir/link.txt --verbose=1
/usr/bin/cc   -DCHECK_FUNCTION_EXISTS=IceConnectionNumber    CMakeFiles/cmTryCompileExec2914051377.dir/CheckFunctionExists.c.o  -o cmTryCompileExec2914051377 -rdynamic -lICE 
make[1]: Leaving directory `/home/nikhil/SemV/CSP301/Project/FinalGame/CMakeFiles/CMakeTmp'


Determining if the function XOpenDisplay exists in the /usr/lib/x86_64-linux-gnu/libX11.so;/usr/lib/x86_64-linux-gnu/libXext.so passed with the following output:
Change Dir: /home/nikhil/SemV/CSP301/Project/FinalGame/CMakeFiles/CMakeTmp

Run Build Command:/usr/bin/make "cmTryCompileExec823275043/fast"
make[1]: Entering directory `/home/nikhil/SemV/CSP301/Project/FinalGame/CMakeFiles/CMakeTmp'
/usr/bin/make -f CMakeFiles/cmTryCompileExec823275043.dir/build.make CMakeFiles/cmTryCompileExec823275043.dir/build
make[2]: Entering directory `/home/nikhil/SemV/CSP301/Project/FinalGame/CMakeFiles/CMakeTmp'
/usr/bin/cmake -E cmake_progress_report /home/nikhil/SemV/CSP301/Project/FinalGame/CMakeFiles/CMakeTmp/CMakeFiles 1
Building C object CMakeFiles/cmTryCompileExec823275043.dir/CheckFunctionExists.c.o
/usr/bin/cc   -DCHECK_FUNCTION_EXISTS=XOpenDisplay   -o CMakeFiles/cmTryCompileExec823275043.dir/CheckFunctionExists.c.o   -c /usr/share/cmake-2.8/Modules/CheckFunctionExists.c
Linking C executable cmTryCompileExec823275043
/usr/bin/cmake -E cmake_link_script CMakeFiles/cmTryCompileExec823275043.dir/link.txt --verbose=1
/usr/bin/cc   -DCHECK_FUNCTION_EXISTS=XOpenDisplay    CMakeFiles/cmTryCompileExec823275043.dir/CheckFunctionExists.c.o  -o cmTryCompileExec823275043 -rdynamic -lX11 -lXext 
make[2]: Leaving directory `/home/nikhil/SemV/CSP301/Project/FinalGame/CMakeFiles/CMakeTmp'
make[1]: Leaving directory `/home/nikhil/SemV/CSP301/Project/FinalGame/CMakeFiles/CMakeTmp'


Determining if the function gethostbyname exists passed with the following output:
Change Dir: /home/nikhil/SemV/CSP301/Project/FinalGame/CMakeFiles/CMakeTmp

Run Build Command:/usr/bin/make "cmTryCompileExec3062367705/fast"
make[1]: Entering directory `/home/nikhil/SemV/CSP301/Project/FinalGame/CMakeFiles/CMakeTmp'
/usr/bin/make -f CMakeFiles/cmTryCompileExec3062367705.dir/build.make CMakeFiles/cmTryCompileExec3062367705.dir/build
make[2]: Entering directory `/home/nikhil/SemV/CSP301/Project/FinalGame/CMakeFiles/CMakeTmp'
/usr/bin/cmake -E cmake_progress_report /home/nikhil/SemV/CSP301/Project/FinalGame/CMakeFiles/CMakeTmp/CMakeFiles 1
Building C object CMakeFiles/cmTryCompileExec3062367705.dir/CheckFunctionExists.c.o
/usr/bin/cc   -DCHECK_FUNCTION_EXISTS=gethostbyname   -o CMakeFiles/cmTryCompileExec3062367705.dir/CheckFunctionExists.c.o   -c /usr/share/cmake-2.8/Modules/CheckFunctionExists.c
Linking C executable cmTryCompileExec3062367705
/usr/bin/cmake -E cmake_link_script CMakeFiles/cmTryCompileExec3062367705.dir/link.txt --verbose=1
/usr/bin/cc   -DCHECK_FUNCTION_EXISTS=gethostbyname    CMakeFiles/cmTryCompileExec3062367705.dir/CheckFunctionExists.c.o  -o cmTryCompileExec3062367705 -rdynamic 
make[2]: Leaving directory `/home/nikhil/SemV/CSP301/Project/FinalGame/CMakeFiles/CMakeTmp'
make[1]: Leaving directory `/home/nikhil/SemV/CSP301/Project/FinalGame/CMakeFiles/CMakeTmp'


Determining if the function connect exists passed with the following output:
Change Dir: /home/nikhil/SemV/CSP301/Project/FinalGame/CMakeFiles/CMakeTmp

Run Build Command:/usr/bin/make "cmTryCompileExec2634723691/fast"
make[1]: Entering directory `/home/nikhil/SemV/CSP301/Project/FinalGame/CMakeFiles/CMakeTmp'
/usr/bin/make -f CMakeFiles/cmTryCompileExec2634723691.dir/build.make CMakeFiles/cmTryCompileExec2634723691.dir/build
make[2]: Entering directory `/home/nikhil/SemV/CSP301/Project/FinalGame/CMakeFiles/CMakeTmp'
/usr/bin/cmake -E cmake_progress_report /home/nikhil/SemV/CSP301/Project/FinalGame/CMakeFiles/CMakeTmp/CMakeFiles 1
Building C object CMakeFiles/cmTryCompileExec2634723691.dir/CheckFunctionExists.c.o
/usr/bin/cc   -DCHECK_FUNCTION_EXISTS=connect   -o CMakeFiles/cmTryCompileExec2634723691.dir/CheckFunctionExists.c.o   -c /usr/share/cmake-2.8/Modules/CheckFunctionExists.c
Linking C executable cmTryCompileExec2634723691
/usr/bin/cmake -E cmake_link_script CMakeFiles/cmTryCompileExec2634723691.dir/link.txt --verbose=1
/usr/bin/cc   -DCHECK_FUNCTION_EXISTS=connect    CMakeFiles/cmTryCompileExec2634723691.dir/CheckFunctionExists.c.o  -o cmTryCompileExec2634723691 -rdynamic 
make[2]: Leaving directory `/home/nikhil/SemV/CSP301/Project/FinalGame/CMakeFiles/CMakeTmp'
make[1]: Leaving directory `/home/nikhil/SemV/CSP301/Project/FinalGame/CMakeFiles/CMakeTmp'


Determining if the function remove exists passed with the following output:
Change Dir: /home/nikhil/SemV/CSP301/Project/FinalGame/CMakeFiles/CMakeTmp

Run Build Command:/usr/bin/make "cmTryCompileExec1744514224/fast"
make[1]: Entering directory `/home/nikhil/SemV/CSP301/Project/FinalGame/CMakeFiles/CMakeTmp'
/usr/bin/make -f CMakeFiles/cmTryCompileExec1744514224.dir/build.make CMakeFiles/cmTryCompileExec1744514224.dir/build
make[2]: Entering directory `/home/nikhil/SemV/CSP301/Project/FinalGame/CMakeFiles/CMakeTmp'
/usr/bin/cmake -E cmake_progress_report /home/nikhil/SemV/CSP301/Project/FinalGame/CMakeFiles/CMakeTmp/CMakeFiles 1
Building C object CMakeFiles/cmTryCompileExec1744514224.dir/CheckFunctionExists.c.o
/usr/bin/cc   -DCHECK_FUNCTION_EXISTS=remove   -o CMakeFiles/cmTryCompileExec1744514224.dir/CheckFunctionExists.c.o   -c /usr/share/cmake-2.8/Modules/CheckFunctionExists.c
Linking C executable cmTryCompileExec1744514224
/usr/bin/cmake -E cmake_link_script CMakeFiles/cmTryCompileExec1744514224.dir/link.txt --verbose=1
/usr/bin/cc   -DCHECK_FUNCTION_EXISTS=remove    CMakeFiles/cmTryCompileExec1744514224.dir/CheckFunctionExists.c.o  -o cmTryCompileExec1744514224 -rdynamic 
make[2]: Leaving directory `/home/nikhil/SemV/CSP301/Project/FinalGame/CMakeFiles/CMakeTmp'
make[1]: Leaving directory `/home/nikhil/SemV/CSP301/Project/FinalGame/CMakeFiles/CMakeTmp'


Determining if the function shmat exists passed with the following output:
Change Dir: /home/nikhil/SemV/CSP301/Project/FinalGame/CMakeFiles/CMakeTmp

Run Build Command:/usr/bin/make "cmTryCompileExec675424287/fast"
make[1]: Entering directory `/home/nikhil/SemV/CSP301/Project/FinalGame/CMakeFiles/CMakeTmp'
/usr/bin/make -f CMakeFiles/cmTryCompileExec675424287.dir/build.make CMakeFiles/cmTryCompileExec675424287.dir/build
make[2]: Entering directory `/home/nikhil/SemV/CSP301/Project/FinalGame/CMakeFiles/CMakeTmp'
/usr/bin/cmake -E cmake_progress_report /home/nikhil/SemV/CSP301/Project/FinalGame/CMakeFiles/CMakeTmp/CMakeFiles 1
Building C object CMakeFiles/cmTryCompileExec675424287.dir/CheckFunctionExists.c.o
/usr/bin/cc   -DCHECK_FUNCTION_EXISTS=shmat   -o CMakeFiles/cmTryCompileExec675424287.dir/CheckFunctionExists.c.o   -c /usr/share/cmake-2.8/Modules/CheckFunctionExists.c
Linking C executable cmTryCompileExec675424287
/usr/bin/cmake -E cmake_link_script CMakeFiles/cmTryCompileExec675424287.dir/link.txt --verbose=1
/usr/bin/cc   -DCHECK_FUNCTION_EXISTS=shmat    CMakeFiles/cmTryCompileExec675424287.dir/CheckFunctionExists.c.o  -o cmTryCompileExec675424287 -rdynamic 
make[2]: Leaving directory `/home/nikhil/SemV/CSP301/Project/FinalGame/CMakeFiles/CMakeTmp'
make[1]: Leaving directory `/home/nikhil/SemV/CSP301/Project/FinalGame/CMakeFiles/CMakeTmp'


Determining if the function IceConnectionNumber exists in the ICE passed with the following output:
Change Dir: /home/nikhil/SemV/CSP301/Project/FinalGame/CMakeFiles/CMakeTmp

Run Build Command:/usr/bin/make "cmTryCompileExec3605550139/fast"
make[1]: Entering directory `/home/nikhil/SemV/CSP301/Project/FinalGame/CMakeFiles/CMakeTmp'
/usr/bin/make -f CMakeFiles/cmTryCompileExec3605550139.dir/build.make CMakeFiles/cmTryCompileExec3605550139.dir/build
make[2]: Entering directory `/home/nikhil/SemV/CSP301/Project/FinalGame/CMakeFiles/CMakeTmp'
/usr/bin/cmake -E cmake_progress_report /home/nikhil/SemV/CSP301/Project/FinalGame/CMakeFiles/CMakeTmp/CMakeFiles 1
Building C object CMakeFiles/cmTryCompileExec3605550139.dir/CheckFunctionExists.c.o
/usr/bin/cc   -DCHECK_FUNCTION_EXISTS=IceConnectionNumber   -o CMakeFiles/cmTryCompileExec3605550139.dir/CheckFunctionExists.c.o   -c /usr/share/cmake-2.8/Modules/CheckFunctionExists.c
Linking C executable cmTryCompileExec3605550139
/usr/bin/cmake -E cmake_link_script CMakeFiles/cmTryCompileExec3605550139.dir/link.txt --verbose=1
/usr/bin/cc   -DCHECK_FUNCTION_EXISTS=IceConnectionNumber    CMakeFiles/cmTryCompileExec3605550139.dir/CheckFunctionExists.c.o  -o cmTryCompileExec3605550139 -rdynamic -lICE 
make[2]: Leaving directory `/home/nikhil/SemV/CSP301/Project/FinalGame/CMakeFiles/CMakeTmp'
make[1]: Leaving directory `/home/nikhil/SemV/CSP301/Project/FinalGame/CMakeFiles/CMakeTmp'


Determining if the function XOpenDisplay exists in the /usr/lib/x86_64-linux-gnu/libX11.so;/usr/lib/x86_64-linux-gnu/libXext.so passed with the following output:
Change Dir: /home/nikhil/SemV/CSP301/Project/FinalGame/CMakeFiles/CMakeTmp

Run Build Command:/usr/bin/make "cmTryCompileExec593816872/fast"
/usr/bin/make -f CMakeFiles/cmTryCompileExec593816872.dir/build.make CMakeFiles/cmTryCompileExec593816872.dir/build
make[1]: Entering directory `/home/nikhil/SemV/CSP301/Project/FinalGame/CMakeFiles/CMakeTmp'
/usr/bin/cmake -E cmake_progress_report /home/nikhil/SemV/CSP301/Project/FinalGame/CMakeFiles/CMakeTmp/CMakeFiles 1
Building C object CMakeFiles/cmTryCompileExec593816872.dir/CheckFunctionExists.c.o
/usr/bin/cc   -DCHECK_FUNCTION_EXISTS=XOpenDisplay   -o CMakeFiles/cmTryCompileExec593816872.dir/CheckFunctionExists.c.o   -c /usr/share/cmake-2.8/Modules/CheckFunctionExists.c
Linking C executable cmTryCompileExec593816872
/usr/bin/cmake -E cmake_link_script CMakeFiles/cmTryCompileExec593816872.dir/link.txt --verbose=1
/usr/bin/cc   -DCHECK_FUNCTION_EXISTS=XOpenDisplay    CMakeFiles/cmTryCompileExec593816872.dir/CheckFunctionExists.c.o  -o cmTryCompileExec593816872 -rdynamic -lX11 -lXext 
make[1]: Leaving directory `/home/nikhil/SemV/CSP301/Project/FinalGame/CMakeFiles/CMakeTmp'


Determining if the function gethostbyname exists passed with the following output:
Change Dir: /home/nikhil/SemV/CSP301/Project/FinalGame/CMakeFiles/CMakeTmp

Run Build Command:/usr/bin/make "cmTryCompileExec1282069636/fast"
/usr/bin/make -f CMakeFiles/cmTryCompileExec1282069636.dir/build.make CMakeFiles/cmTryCompileExec1282069636.dir/build
make[1]: Entering directory `/home/nikhil/SemV/CSP301/Project/FinalGame/CMakeFiles/CMakeTmp'
/usr/bin/cmake -E cmake_progress_report /home/nikhil/SemV/CSP301/Project/FinalGame/CMakeFiles/CMakeTmp/CMakeFiles 1
Building C object CMakeFiles/cmTryCompileExec1282069636.dir/CheckFunctionExists.c.o
/usr/bin/cc   -DCHECK_FUNCTION_EXISTS=gethostbyname   -o CMakeFiles/cmTryCompileExec1282069636.dir/CheckFunctionExists.c.o   -c /usr/share/cmake-2.8/Modules/CheckFunctionExists.c
Linking C executable cmTryCompileExec1282069636
/usr/bin/cmake -E cmake_link_script CMakeFiles/cmTryCompileExec1282069636.dir/link.txt --verbose=1
/usr/bin/cc   -DCHECK_FUNCTION_EXISTS=gethostbyname    CMakeFiles/cmTryCompileExec1282069636.dir/CheckFunctionExists.c.o  -o cmTryCompileExec1282069636 -rdynamic 
make[1]: Leaving directory `/home/nikhil/SemV/CSP301/Project/FinalGame/CMakeFiles/CMakeTmp'


Determining if the function connect exists passed with the following output:
Change Dir: /home/nikhil/SemV/CSP301/Project/FinalGame/CMakeFiles/CMakeTmp

Run Build Command:/usr/bin/make "cmTryCompileExec521343157/fast"
/usr/bin/make -f CMakeFiles/cmTryCompileExec521343157.dir/build.make CMakeFiles/cmTryCompileExec521343157.dir/build
make[1]: Entering directory `/home/nikhil/SemV/CSP301/Project/FinalGame/CMakeFiles/CMakeTmp'
/usr/bin/cmake -E cmake_progress_report /home/nikhil/SemV/CSP301/Project/FinalGame/CMakeFiles/CMakeTmp/CMakeFiles 1
Building C object CMakeFiles/cmTryCompileExec521343157.dir/CheckFunctionExists.c.o
/usr/bin/cc   -DCHECK_FUNCTION_EXISTS=connect   -o CMakeFiles/cmTryCompileExec521343157.dir/CheckFunctionExists.c.o   -c /usr/share/cmake-2.8/Modules/CheckFunctionExists.c
Linking C executable cmTryCompileExec521343157
/usr/bin/cmake -E cmake_link_script CMakeFiles/cmTryCompileExec521343157.dir/link.txt --verbose=1
/usr/bin/cc   -DCHECK_FUNCTION_EXISTS=connect    CMakeFiles/cmTryCompileExec521343157.dir/CheckFunctionExists.c.o  -o cmTryCompileExec521343157 -rdynamic 
make[1]: Leaving directory `/home/nikhil/SemV/CSP301/Project/FinalGame/CMakeFiles/CMakeTmp'


Determining if the function remove exists passed with the following output:
Change Dir: /home/nikhil/SemV/CSP301/Project/FinalGame/CMakeFiles/CMakeTmp

Run Build Command:/usr/bin/make "cmTryCompileExec626094534/fast"
/usr/bin/make -f CMakeFiles/cmTryCompileExec626094534.dir/build.make CMakeFiles/cmTryCompileExec626094534.dir/build
make[1]: Entering directory `/home/nikhil/SemV/CSP301/Project/FinalGame/CMakeFiles/CMakeTmp'
/usr/bin/cmake -E cmake_progress_report /home/nikhil/SemV/CSP301/Project/FinalGame/CMakeFiles/CMakeTmp/CMakeFiles 1
Building C object CMakeFiles/cmTryCompileExec626094534.dir/CheckFunctionExists.c.o
/usr/bin/cc   -DCHECK_FUNCTION_EXISTS=remove   -o CMakeFiles/cmTryCompileExec626094534.dir/CheckFunctionExists.c.o   -c /usr/share/cmake-2.8/Modules/CheckFunctionExists.c
Linking C executable cmTryCompileExec626094534
/usr/bin/cmake -E cmake_link_script CMakeFiles/cmTryCompileExec626094534.dir/link.txt --verbose=1
/usr/bin/cc   -DCHECK_FUNCTION_EXISTS=remove    CMakeFiles/cmTryCompileExec626094534.dir/CheckFunctionExists.c.o  -o cmTryCompileExec626094534 -rdynamic 
make[1]: Leaving directory `/home/nikhil/SemV/CSP301/Project/FinalGame/CMakeFiles/CMakeTmp'


Determining if the function shmat exists passed with the following output:
Change Dir: /home/nikhil/SemV/CSP301/Project/FinalGame/CMakeFiles/CMakeTmp

Run Build Command:/usr/bin/make "cmTryCompileExec4207849816/fast"
/usr/bin/make -f CMakeFiles/cmTryCompileExec4207849816.dir/build.make CMakeFiles/cmTryCompileExec4207849816.dir/build
make[1]: Entering directory `/home/nikhil/SemV/CSP301/Project/FinalGame/CMakeFiles/CMakeTmp'
/usr/bin/cmake -E cmake_progress_report /home/nikhil/SemV/CSP301/Project/FinalGame/CMakeFiles/CMakeTmp/CMakeFiles 1
Building C object CMakeFiles/cmTryCompileExec4207849816.dir/CheckFunctionExists.c.o
/usr/bin/cc   -DCHECK_FUNCTION_EXISTS=shmat   -o CMakeFiles/cmTryCompileExec4207849816.dir/CheckFunctionExists.c.o   -c /usr/share/cmake-2.8/Modules/CheckFunctionExists.c
Linking C executable cmTryCompileExec4207849816
/usr/bin/cmake -E cmake_link_script CMakeFiles/cmTryCompileExec4207849816.dir/link.txt --verbose=1
/usr/bin/cc   -DCHECK_FUNCTION_EXISTS=shmat    CMakeFiles/cmTryCompileExec4207849816.dir/CheckFunctionExists.c.o  -o cmTryCompileExec4207849816 -rdynamic 
make[1]: Leaving directory `/home/nikhil/SemV/CSP301/Project/FinalGame/CMakeFiles/CMakeTmp'


Determining if the function IceConnectionNumber exists in the ICE passed with the following output:
Change Dir: /home/nikhil/SemV/CSP301/Project/FinalGame/CMakeFiles/CMakeTmp

Run Build Command:/usr/bin/make "cmTryCompileExec1442985172/fast"
/usr/bin/make -f CMakeFiles/cmTryCompileExec1442985172.dir/build.make CMakeFiles/cmTryCompileExec1442985172.dir/build
make[1]: Entering directory `/home/nikhil/SemV/CSP301/Project/FinalGame/CMakeFiles/CMakeTmp'
/usr/bin/cmake -E cmake_progress_report /home/nikhil/SemV/CSP301/Project/FinalGame/CMakeFiles/CMakeTmp/CMakeFiles 1
Building C object CMakeFiles/cmTryCompileExec1442985172.dir/CheckFunctionExists.c.o
/usr/bin/cc   -DCHECK_FUNCTION_EXISTS=IceConnectionNumber   -o CMakeFiles/cmTryCompileExec1442985172.dir/CheckFunctionExists.c.o   -c /usr/share/cmake-2.8/Modules/CheckFunctionExists.c
Linking C executable cmTryCompileExec1442985172
/usr/bin/cmake -E cmake_link_script CMakeFiles/cmTryCompileExec1442985172.dir/link.txt --verbose=1
/usr/bin/cc   -DCHECK_FUNCTION_EXISTS=IceConnectionNumber    CMakeFiles/cmTryCompileExec1442985172.dir/CheckFunctionExists.c.o  -o cmTryCompileExec1442985172 -rdynamic -lICE 
make[1]: Leaving directory `/home/nikhil/SemV/CSP301/Project/FinalGame/CMakeFiles/CMakeTmp'


Determining if the function XOpenDisplay exists in the /usr/lib/x86_64-linux-gnu/libX11.so;/usr/lib/x86_64-linux-gnu/libXext.so passed with the following output:
Change Dir: /home/nikhil/SemV/CSP301/Project/FinalGame/CMakeFiles/CMakeTmp

Run Build Command:/usr/bin/make "cmTryCompileExec1017808136/fast"
/usr/bin/make -f CMakeFiles/cmTryCompileExec1017808136.dir/build.make CMakeFiles/cmTryCompileExec1017808136.dir/build
make[1]: Entering directory `/home/nikhil/SemV/CSP301/Project/FinalGame/CMakeFiles/CMakeTmp'
/usr/bin/cmake -E cmake_progress_report /home/nikhil/SemV/CSP301/Project/FinalGame/CMakeFiles/CMakeTmp/CMakeFiles 1
Building C object CMakeFiles/cmTryCompileExec1017808136.dir/CheckFunctionExists.c.o
/usr/bin/cc   -DCHECK_FUNCTION_EXISTS=XOpenDisplay   -o CMakeFiles/cmTryCompileExec1017808136.dir/CheckFunctionExists.c.o   -c /usr/share/cmake-2.8/Modules/CheckFunctionExists.c
Linking C executable cmTryCompileExec1017808136
/usr/bin/cmake -E cmake_link_script CMakeFiles/cmTryCompileExec1017808136.dir/link.txt --verbose=1
/usr/bin/cc   -DCHECK_FUNCTION_EXISTS=XOpenDisplay    CMakeFiles/cmTryCompileExec1017808136.dir/CheckFunctionExists.c.o  -o cmTryCompileExec1017808136 -rdynamic -lX11 -lXext 
make[1]: Leaving directory `/home/nikhil/SemV/CSP301/Project/FinalGame/CMakeFiles/CMakeTmp'


Determining if the function gethostbyname exists passed with the following output:
Change Dir: /home/nikhil/SemV/CSP301/Project/FinalGame/CMakeFiles/CMakeTmp

Run Build Command:/usr/bin/make "cmTryCompileExec1703125915/fast"
/usr/bin/make -f CMakeFiles/cmTryCompileExec1703125915.dir/build.make CMakeFiles/cmTryCompileExec1703125915.dir/build
make[1]: Entering directory `/home/nikhil/SemV/CSP301/Project/FinalGame/CMakeFiles/CMakeTmp'
/usr/bin/cmake -E cmake_progress_report /home/nikhil/SemV/CSP301/Project/FinalGame/CMakeFiles/CMakeTmp/CMakeFiles 1
Building C object CMakeFiles/cmTryCompileExec1703125915.dir/CheckFunctionExists.c.o
/usr/bin/cc   -DCHECK_FUNCTION_EXISTS=gethostbyname   -o CMakeFiles/cmTryCompileExec1703125915.dir/CheckFunctionExists.c.o   -c /usr/share/cmake-2.8/Modules/CheckFunctionExists.c
Linking C executable cmTryCompileExec1703125915
/usr/bin/cmake -E cmake_link_script CMakeFiles/cmTryCompileExec1703125915.dir/link.txt --verbose=1
/usr/bin/cc   -DCHECK_FUNCTION_EXISTS=gethostbyname    CMakeFiles/cmTryCompileExec1703125915.dir/CheckFunctionExists.c.o  -o cmTryCompileExec1703125915 -rdynamic 
make[1]: Leaving directory `/home/nikhil/SemV/CSP301/Project/FinalGame/CMakeFiles/CMakeTmp'


Determining if the function connect exists passed with the following output:
Change Dir: /home/nikhil/SemV/CSP301/Project/FinalGame/CMakeFiles/CMakeTmp

Run Build Command:/usr/bin/make "cmTryCompileExec342822596/fast"
/usr/bin/make -f CMakeFiles/cmTryCompileExec342822596.dir/build.make CMakeFiles/cmTryCompileExec342822596.dir/build
make[1]: Entering directory `/home/nikhil/SemV/CSP301/Project/FinalGame/CMakeFiles/CMakeTmp'
/usr/bin/cmake -E cmake_progress_report /home/nikhil/SemV/CSP301/Project/FinalGame/CMakeFiles/CMakeTmp/CMakeFiles 1
Building C object CMakeFiles/cmTryCompileExec342822596.dir/CheckFunctionExists.c.o
/usr/bin/cc   -DCHECK_FUNCTION_EXISTS=connect   -o CMakeFiles/cmTryCompileExec342822596.dir/CheckFunctionExists.c.o   -c /usr/share/cmake-2.8/Modules/CheckFunctionExists.c
Linking C executable cmTryCompileExec342822596
/usr/bin/cmake -E cmake_link_script CMakeFiles/cmTryCompileExec342822596.dir/link.txt --verbose=1
/usr/bin/cc   -DCHECK_FUNCTION_EXISTS=connect    CMakeFiles/cmTryCompileExec342822596.dir/CheckFunctionExists.c.o  -o cmTryCompileExec342822596 -rdynamic 
make[1]: Leaving directory `/home/nikhil/SemV/CSP301/Project/FinalGame/CMakeFiles/CMakeTmp'


Determining if the function remove exists passed with the following output:
Change Dir: /home/nikhil/SemV/CSP301/Project/FinalGame/CMakeFiles/CMakeTmp

Run Build Command:/usr/bin/make "cmTryCompileExec3080750614/fast"
/usr/bin/make -f CMakeFiles/cmTryCompileExec3080750614.dir/build.make CMakeFiles/cmTryCompileExec3080750614.dir/build
make[1]: Entering directory `/home/nikhil/SemV/CSP301/Project/FinalGame/CMakeFiles/CMakeTmp'
/usr/bin/cmake -E cmake_progress_report /home/nikhil/SemV/CSP301/Project/FinalGame/CMakeFiles/CMakeTmp/CMakeFiles 1
Building C object CMakeFiles/cmTryCompileExec3080750614.dir/CheckFunctionExists.c.o
/usr/bin/cc   -DCHECK_FUNCTION_EXISTS=remove   -o CMakeFiles/cmTryCompileExec3080750614.dir/CheckFunctionExists.c.o   -c /usr/share/cmake-2.8/Modules/CheckFunctionExists.c
Linking C executable cmTryCompileExec3080750614
/usr/bin/cmake -E cmake_link_script CMakeFiles/cmTryCompileExec3080750614.dir/link.txt --verbose=1
/usr/bin/cc   -DCHECK_FUNCTION_EXISTS=remove    CMakeFiles/cmTryCompileExec3080750614.dir/CheckFunctionExists.c.o  -o cmTryCompileExec3080750614 -rdynamic 
make[1]: Leaving directory `/home/nikhil/SemV/CSP301/Project/FinalGame/CMakeFiles/CMakeTmp'


Determining if the function shmat exists passed with the following output:
Change Dir: /home/nikhil/SemV/CSP301/Project/FinalGame/CMakeFiles/CMakeTmp

Run Build Command:/usr/bin/make "cmTryCompileExec2976634631/fast"
/usr/bin/make -f CMakeFiles/cmTryCompileExec2976634631.dir/build.make CMakeFiles/cmTryCompileExec2976634631.dir/build
make[1]: Entering directory `/home/nikhil/SemV/CSP301/Project/FinalGame/CMakeFiles/CMakeTmp'
/usr/bin/cmake -E cmake_progress_report /home/nikhil/SemV/CSP301/Project/FinalGame/CMakeFiles/CMakeTmp/CMakeFiles 1
Building C object CMakeFiles/cmTryCompileExec2976634631.dir/CheckFunctionExists.c.o
/usr/bin/cc   -DCHECK_FUNCTION_EXISTS=shmat   -o CMakeFiles/cmTryCompileExec2976634631.dir/CheckFunctionExists.c.o   -c /usr/share/cmake-2.8/Modules/CheckFunctionExists.c
Linking C executable cmTryCompileExec2976634631
/usr/bin/cmake -E cmake_link_script CMakeFiles/cmTryCompileExec2976634631.dir/link.txt --verbose=1
/usr/bin/cc   -DCHECK_FUNCTION_EXISTS=shmat    CMakeFiles/cmTryCompileExec2976634631.dir/CheckFunctionExists.c.o  -o cmTryCompileExec2976634631 -rdynamic 
make[1]: Leaving directory `/home/nikhil/SemV/CSP301/Project/FinalGame/CMakeFiles/CMakeTmp'


Determining if the function IceConnectionNumber exists in the ICE passed with the following output:
Change Dir: /home/nikhil/SemV/CSP301/Project/FinalGame/CMakeFiles/CMakeTmp

Run Build Command:/usr/bin/make "cmTryCompileExec4114049533/fast"
/usr/bin/make -f CMakeFiles/cmTryCompileExec4114049533.dir/build.make CMakeFiles/cmTryCompileExec4114049533.dir/build
make[1]: Entering directory `/home/nikhil/SemV/CSP301/Project/FinalGame/CMakeFiles/CMakeTmp'
/usr/bin/cmake -E cmake_progress_report /home/nikhil/SemV/CSP301/Project/FinalGame/CMakeFiles/CMakeTmp/CMakeFiles 1
Building C object CMakeFiles/cmTryCompileExec4114049533.dir/CheckFunctionExists.c.o
/usr/bin/cc   -DCHECK_FUNCTION_EXISTS=IceConnectionNumber   -o CMakeFiles/cmTryCompileExec4114049533.dir/CheckFunctionExists.c.o   -c /usr/share/cmake-2.8/Modules/CheckFunctionExists.c
Linking C executable cmTryCompileExec4114049533
/usr/bin/cmake -E cmake_link_script CMakeFiles/cmTryCompileExec4114049533.dir/link.txt --verbose=1
/usr/bin/cc   -DCHECK_FUNCTION_EXISTS=IceConnectionNumber    CMakeFiles/cmTryCompileExec4114049533.dir/CheckFunctionExists.c.o  -o cmTryCompileExec4114049533 -rdynamic -lICE 
make[1]: Leaving directory `/home/nikhil/SemV/CSP301/Project/FinalGame/CMakeFiles/CMakeTmp'


Determining if the function XOpenDisplay exists in the /usr/lib/x86_64-linux-gnu/libX11.so;/usr/lib/x86_64-linux-gnu/libXext.so passed with the following output:
Change Dir: /home/nikhil/SemV/CSP301/Project/FinalGame/CMakeFiles/CMakeTmp

Run Build Command:/usr/bin/make "cmTryCompileExec560824542/fast"
/usr/bin/make -f CMakeFiles/cmTryCompileExec560824542.dir/build.make CMakeFiles/cmTryCompileExec560824542.dir/build
make[1]: Entering directory `/home/nikhil/SemV/CSP301/Project/FinalGame/CMakeFiles/CMakeTmp'
/usr/bin/cmake -E cmake_progress_report /home/nikhil/SemV/CSP301/Project/FinalGame/CMakeFiles/CMakeTmp/CMakeFiles 1
Building C object CMakeFiles/cmTryCompileExec560824542.dir/CheckFunctionExists.c.o
/usr/bin/cc   -DCHECK_FUNCTION_EXISTS=XOpenDisplay   -o CMakeFiles/cmTryCompileExec560824542.dir/CheckFunctionExists.c.o   -c /usr/share/cmake-2.8/Modules/CheckFunctionExists.c
Linking C executable cmTryCompileExec560824542
/usr/bin/cmake -E cmake_link_script CMakeFiles/cmTryCompileExec560824542.dir/link.txt --verbose=1
/usr/bin/cc   -DCHECK_FUNCTION_EXISTS=XOpenDisplay    CMakeFiles/cmTryCompileExec560824542.dir/CheckFunctionExists.c.o  -o cmTryCompileExec560824542 -rdynamic -lX11 -lXext 
make[1]: Leaving directory `/home/nikhil/SemV/CSP301/Project/FinalGame/CMakeFiles/CMakeTmp'


Determining if the function gethostbyname exists passed with the following output:
Change Dir: /home/nikhil/SemV/CSP301/Project/FinalGame/CMakeFiles/CMakeTmp

Run Build Command:/usr/bin/make "cmTryCompileExec4194430903/fast"
/usr/bin/make -f CMakeFiles/cmTryCompileExec4194430903.dir/build.make CMakeFiles/cmTryCompileExec4194430903.dir/build
make[1]: Entering directory `/home/nikhil/SemV/CSP301/Project/FinalGame/CMakeFiles/CMakeTmp'
/usr/bin/cmake -E cmake_progress_report /home/nikhil/SemV/CSP301/Project/FinalGame/CMakeFiles/CMakeTmp/CMakeFiles 1
Building C object CMakeFiles/cmTryCompileExec4194430903.dir/CheckFunctionExists.c.o
/usr/bin/cc   -DCHECK_FUNCTION_EXISTS=gethostbyname   -o CMakeFiles/cmTryCompileExec4194430903.dir/CheckFunctionExists.c.o   -c /usr/share/cmake-2.8/Modules/CheckFunctionExists.c
Linking C executable cmTryCompileExec4194430903
/usr/bin/cmake -E cmake_link_script CMakeFiles/cmTryCompileExec4194430903.dir/link.txt --verbose=1
/usr/bin/cc   -DCHECK_FUNCTION_EXISTS=gethostbyname    CMakeFiles/cmTryCompileExec4194430903.dir/CheckFunctionExists.c.o  -o cmTryCompileExec4194430903 -rdynamic 
make[1]: Leaving directory `/home/nikhil/SemV/CSP301/Project/FinalGame/CMakeFiles/CMakeTmp'


Determining if the function connect exists passed with the following output:
Change Dir: /home/nikhil/SemV/CSP301/Project/FinalGame/CMakeFiles/CMakeTmp

Run Build Command:/usr/bin/make "cmTryCompileExec3678959168/fast"
/usr/bin/make -f CMakeFiles/cmTryCompileExec3678959168.dir/build.make CMakeFiles/cmTryCompileExec3678959168.dir/build
make[1]: Entering directory `/home/nikhil/SemV/CSP301/Project/FinalGame/CMakeFiles/CMakeTmp'
/usr/bin/cmake -E cmake_progress_report /home/nikhil/SemV/CSP301/Project/FinalGame/CMakeFiles/CMakeTmp/CMakeFiles 1
Building C object CMakeFiles/cmTryCompileExec3678959168.dir/CheckFunctionExists.c.o
/usr/bin/cc   -DCHECK_FUNCTION_EXISTS=connect   -o CMakeFiles/cmTryCompileExec3678959168.dir/CheckFunctionExists.c.o   -c /usr/share/cmake-2.8/Modules/CheckFunctionExists.c
Linking C executable cmTryCompileExec3678959168
/usr/bin/cmake -E cmake_link_script CMakeFiles/cmTryCompileExec3678959168.dir/link.txt --verbose=1
/usr/bin/cc   -DCHECK_FUNCTION_EXISTS=connect    CMakeFiles/cmTryCompileExec3678959168.dir/CheckFunctionExists.c.o  -o cmTryCompileExec3678959168 -rdynamic 
make[1]: Leaving directory `/home/nikhil/SemV/CSP301/Project/FinalGame/CMakeFiles/CMakeTmp'


Determining if the function remove exists passed with the following output:
Change Dir: /home/nikhil/SemV/CSP301/Project/FinalGame/CMakeFiles/CMakeTmp

Run Build Command:/usr/bin/make "cmTryCompileExec2309271441/fast"
/usr/bin/make -f CMakeFiles/cmTryCompileExec2309271441.dir/build.make CMakeFiles/cmTryCompileExec2309271441.dir/build
make[1]: Entering directory `/home/nikhil/SemV/CSP301/Project/FinalGame/CMakeFiles/CMakeTmp'
/usr/bin/cmake -E cmake_progress_report /home/nikhil/SemV/CSP301/Project/FinalGame/CMakeFiles/CMakeTmp/CMakeFiles 1
Building C object CMakeFiles/cmTryCompileExec2309271441.dir/CheckFunctionExists.c.o
/usr/bin/cc   -DCHECK_FUNCTION_EXISTS=remove   -o CMakeFiles/cmTryCompileExec2309271441.dir/CheckFunctionExists.c.o   -c /usr/share/cmake-2.8/Modules/CheckFunctionExists.c
Linking C executable cmTryCompileExec2309271441
/usr/bin/cmake -E cmake_link_script CMakeFiles/cmTryCompileExec2309271441.dir/link.txt --verbose=1
/usr/bin/cc   -DCHECK_FUNCTION_EXISTS=remove    CMakeFiles/cmTryCompileExec2309271441.dir/CheckFunctionExists.c.o  -o cmTryCompileExec2309271441 -rdynamic 
make[1]: Leaving directory `/home/nikhil/SemV/CSP301/Project/FinalGame/CMakeFiles/CMakeTmp'


Determining if the function shmat exists passed with the following output:
Change Dir: /home/nikhil/SemV/CSP301/Project/FinalGame/CMakeFiles/CMakeTmp

Run Build Command:/usr/bin/make "cmTryCompileExec4054929297/fast"
/usr/bin/make -f CMakeFiles/cmTryCompileExec4054929297.dir/build.make CMakeFiles/cmTryCompileExec4054929297.dir/build
make[1]: Entering directory `/home/nikhil/SemV/CSP301/Project/FinalGame/CMakeFiles/CMakeTmp'
/usr/bin/cmake -E cmake_progress_report /home/nikhil/SemV/CSP301/Project/FinalGame/CMakeFiles/CMakeTmp/CMakeFiles 1
Building C object CMakeFiles/cmTryCompileExec4054929297.dir/CheckFunctionExists.c.o
/usr/bin/cc   -DCHECK_FUNCTION_EXISTS=shmat   -o CMakeFiles/cmTryCompileExec4054929297.dir/CheckFunctionExists.c.o   -c /usr/share/cmake-2.8/Modules/CheckFunctionExists.c
Linking C executable cmTryCompileExec4054929297
/usr/bin/cmake -E cmake_link_script CMakeFiles/cmTryCompileExec4054929297.dir/link.txt --verbose=1
/usr/bin/cc   -DCHECK_FUNCTION_EXISTS=shmat    CMakeFiles/cmTryCompileExec4054929297.dir/CheckFunctionExists.c.o  -o cmTryCompileExec4054929297 -rdynamic 
make[1]: Leaving directory `/home/nikhil/SemV/CSP301/Project/FinalGame/CMakeFiles/CMakeTmp'


Determining if the function IceConnectionNumber exists in the ICE passed with the following output:
Change Dir: /home/nikhil/SemV/CSP301/Project/FinalGame/CMakeFiles/CMakeTmp

Run Build Command:/usr/bin/make "cmTryCompileExec3309411321/fast"
/usr/bin/make -f CMakeFiles/cmTryCompileExec3309411321.dir/build.make CMakeFiles/cmTryCompileExec3309411321.dir/build
make[1]: Entering directory `/home/nikhil/SemV/CSP301/Project/FinalGame/CMakeFiles/CMakeTmp'
/usr/bin/cmake -E cmake_progress_report /home/nikhil/SemV/CSP301/Project/FinalGame/CMakeFiles/CMakeTmp/CMakeFiles 1
Building C object CMakeFiles/cmTryCompileExec3309411321.dir/CheckFunctionExists.c.o
/usr/bin/cc   -DCHECK_FUNCTION_EXISTS=IceConnectionNumber   -o CMakeFiles/cmTryCompileExec3309411321.dir/CheckFunctionExists.c.o   -c /usr/share/cmake-2.8/Modules/CheckFunctionExists.c
Linking C executable cmTryCompileExec3309411321
/usr/bin/cmake -E cmake_link_script CMakeFiles/cmTryCompileExec3309411321.dir/link.txt --verbose=1
/usr/bin/cc   -DCHECK_FUNCTION_EXISTS=IceConnectionNumber    CMakeFiles/cmTryCompileExec3309411321.dir/CheckFunctionExists.c.o  -o cmTryCompileExec3309411321 -rdynamic -lICE 
make[1]: Leaving directory `/home/nikhil/SemV/CSP301/Project/FinalGame/CMakeFiles/CMakeTmp'


